500 199 500 198
500 198 500 197
500 197 500 196
500 196 501 196
501 196 502 196
502 196 503 196
503 196 503 195
503 195 503 194
500 118 501 118
506 4 505 4
505 4 504 4
504 4 504 3
504 3 504 2
500 3 501 3
501 3 502 3
502 3 503 3
503 3 504 3
504 3 504 2
504 2 504 3
504 3 504 4
504 4 504 5
504 5 504 6
504 6 504 7
504 7 503 7
503 7 503 8
503 8 503 9
503 9 503 10
503 10 503 11
503 11 503 12
503 12 503 13
503 13 503 14
503 14 503 15
503 15 503 16
503 16 503 17
503 17 503 18
503 18 503 19
503 19 503 20
503 20 502 20
502 20 501 20
501 20 501 21
501 21 501 22
501 22 501 23
501 23 501 24
501 24 502 24
502 24 503 24
503 24 504 24
504 24 504 25
504 25 504 26
504 26 505 26
505 26 506 26
506 26 507 26
507 26 508 26
508 26 509 26
509 26 509 27
509 27 509 28
509 28 509 29
509 29 509 30
509 30 509 31
509 31 509 32
509 32 509 33
509 33 509 34
509 34 509 35
509 35 509 36
509 36 509 37
509 37 509 38
509 38 509 39
500 45 501 45
501 45 501 44
501 44 501 43
501 43 501 42
501 42 501 41
501 41 501 40
509 39 508 39
508 39 507 39
501 40 502 40
502 40 503 40
503 40 504 40
504 40 505 40
505 40 506 40
506 40 507 40
507 40 507 39
507 39 507 40
507 40 507 41
507 41 507 42
507 42 507 43
507 43 507 44
507 44 507 45
507 45 508 45
508 45 509 45
509 45 509 46
509 46 509 47
509 47 509 48
509 48 509 49
509 49 509 50
509 50 509 51
505 54 505 55
503 58 504 58
504 58 505 58
505 58 505 57
505 57 505 56
505 56 505 55
509 51 509 52
509 52 509 53
509 53 509 54
509 54 509 55
509 55 509 56
505 55 506 55
506 55 507 55
507 55 508 55
508 55 509 55
509 55 509 56
509 56 509 57
509 57 509 58
509 58 509 59
509 59 509 60
509 60 509 61
509 61 509 62
505 62 506 62
506 62 507 62
507 62 508 62
508 62 509 62
509 62 508 62
508 62 507 62
507 62 507 63
507 63 507 64
503 67 504 67
504 67 505 67
505 67 505 66
507 64 506 64
506 64 505 64
505 64 505 65
505 65 505 66
505 66 506 66
506 66 506 67
506 67 506 68
506 68 506 69
506 69 506 70
506 70 506 71
506 71 506 72
506 72 505 72
505 72 504 72
504 72 503 72
503 72 502 72
502 72 501 72
501 72 500 72
500 72 501 72
501 72 502 72
502 72 503 72
503 72 503 73
503 73 503 74
503 74 503 75
503 75 503 76
503 76 503 77
503 77 503 78
503 78 504 78
504 78 505 78
505 78 505 79
505 79 505 80
505 80 505 81
505 81 505 82
505 82 505 83
505 83 505 84
505 84 505 85
505 85 506 85
506 85 507 85
507 85 507 86
507 86 507 87
507 87 507 88
507 88 507 89
507 89 507 90
507 90 507 91
507 91 507 92
507 92 506 92
506 92 505 92
505 92 504 92
504 92 503 92
503 92 502 92
502 92 501 92
501 92 501 93
501 93 501 94
501 94 501 95
501 95 501 96
501 96 501 97
501 97 501 98
501 98 501 99
501 99 501 100
501 100 501 101
500 103 501 103
501 103 502 103
501 101 502 101
502 101 502 102
502 102 502 103
508 100 507 100
507 100 506 100
502 103 503 103
503 103 504 103
504 103 505 103
505 103 505 104
506 100 505 100
505 100 505 101
505 101 505 102
505 102 505 103
505 103 505 104
509 107 508 107
508 107 507 107
507 107 506 107
505 104 506 104
506 104 506 105
506 105 506 106
506 106 506 107
506 107 507 107
507 107 507 108
507 108 507 109
507 109 507 110
501 118 502 118
502 118 503 118
503 118 504 118
504 118 505 118
505 118 506 118
506 118 507 118
507 118 508 118
508 118 508 119
508 119 508 120
508 120 508 121
507 110 508 110
508 110 508 111
508 111 508 112
508 112 508 113
508 113 508 114
508 114 508 115
508 115 508 116
508 116 508 117
508 117 508 118
508 118 508 119
508 119 508 120
508 120 508 121
508 121 507 121
507 121 506 121
506 121 505 121
505 121 505 122
505 122 505 123
505 123 505 124
505 124 505 125
505 125 505 126
505 126 506 126
506 126 506 127
506 127 506 128
506 128 505 128
505 128 504 128
504 128 503 128
503 128 502 128
502 128 502 129
502 129 502 130
502 130 502 131
502 131 502 132
502 132 502 133
502 133 502 134
502 134 502 135
502 135 502 136
502 136 502 137
502 137 502 138
502 138 503 138
503 138 504 138
504 138 505 138
505 138 506 138
506 138 507 138
507 138 508 138
508 138 509 138
509 138 509 139
509 139 509 140
509 140 509 141
509 141 509 142
509 142 509 143
509 143 509 144
509 144 509 145
509 145 509 146
509 146 509 147
509 147 509 148
509 148 509 149
509 149 509 150
509 150 509 151
509 151 509 152
509 152 508 152
508 152 507 152
507 152 506 152
506 152 505 152
505 152 505 153
505 153 505 154
505 154 505 155
505 155 506 155
506 155 507 155
507 155 507 156
507 156 507 157
507 157 507 158
507 158 507 159
500 159 501 159
501 159 502 159
502 159 502 160
502 160 502 161
501 166 502 166
502 166 502 165
502 165 502 164
502 164 502 163
502 163 502 162
502 162 502 161
507 159 507 160
507 160 507 161
507 161 507 162
502 161 503 161
503 161 504 161
504 161 505 161
505 161 506 161
506 161 507 161
507 161 507 162
506 168 507 168
507 168 507 169
507 162 507 163
507 163 507 164
507 164 507 165
507 165 507 166
507 166 507 167
507 167 507 168
507 168 507 169
509 180 508 180
508 180 508 179
500 179 501 179
501 179 502 179
502 179 503 179
503 179 504 179
504 179 505 179
505 179 506 179
506 179 507 179
507 179 508 179
507 169 508 169
508 169 508 170
508 170 508 171
508 171 508 172
508 172 508 173
508 173 508 174
508 174 508 175
508 175 508 176
508 176 508 177
508 177 508 178
508 178 508 179
508 179 507 179
507 179 507 180
507 180 507 181
507 181 507 182
503 194 504 194
504 194 505 194
505 194 505 193
505 193 505 192
505 192 505 191
507 182 506 182
506 182 505 182
505 182 505 183
505 183 505 184
505 184 505 185
505 185 505 186
505 186 505 187
505 187 505 188
505 188 505 189
505 189 505 190
505 190 505 191
505 191 506 191
506 191 507 191
507 191 508 191
508 191 508 192
508 192 508 193
505 205 506 205
506 205 507 205
507 205 508 205
508 205 508 204
508 204 508 203
508 203 508 202
508 193 508 194
508 194 508 195
508 195 508 196
508 196 508 197
508 197 508 198
508 198 508 199
508 199 508 200
508 200 508 201
508 201 508 202
508 202 509 202
509 202 509 203
509 203 509 204
509 204 509 205
509 205 509 206
509 206 509 207
509 207 509 208
509 208 509 209
509 209 509 210
509 210 509 211
509 211 509 212
509 212 509 213
509 213 509 214
509 214 509 215
509 215 509 216
509 216 509 217
509 217 509 218
509 218 509 219
509 219 509 220
509 220 509 221
509 221 509 222
509 222 508 222
508 222 507 222
507 222 507 223
507 223 507 224
507 224 507 225
507 225 507 226
507 226 507 227
507 227 507 228
507 228 507 229
507 229 507 230
507 230 507 231
507 231 507 232
507 232 507 233
507 233 506 233
506 233 505 233
505 233 505 234
505 234 505 235
505 235 505 236
505 236 504 236
504 236 503 236
503 236 503 237
503 237 503 238
503 238 503 239
503 239 503 240
503 240 503 241
503 241 503 242
503 242 503 243
503 243 503 244
503 244 503 245
503 245 503 246
503 246 503 247
503 247 503 248
503 248 503 249
503 249 502 249
502 249 502 250
502 250 502 251
502 251 502 252
502 252 502 253
502 253 502 254
502 254 502 255
502 255 503 255
503 255 504 255
504 255 505 255
505 255 506 255
506 255 507 255
507 255 507 256
507 256 507 257
507 257 507 258
507 258 507 259
501 375 502 375
502 375 503 375
503 375 503 376
503 376 503 377
503 377 503 378
503 378 503 379
503 379 503 380
503 380 503 381
503 381 503 382
502 387 503 387
503 387 504 387
504 387 504 386
503 382 504 382
504 382 504 383
504 383 504 384
504 384 504 385
504 385 504 386
502 454 501 454
501 454 501 455
501 455 501 456
501 456 501 457
501 457 502 457
502 457 503 457
503 457 503 458
501 499 502 499
502 499 503 499
509 590 509 591
509 591 509 592
509 592 508 592
508 592 508 593
503 707 503 706
509 805 508 805
508 805 507 805
507 805 506 805
506 805 507 805
507 805 507 804
507 804 507 803
507 803 506 803
506 803 505 803
505 803 505 802
505 802 505 801
507 859 508 859
508 859 508 858
509 926 508 926
508 926 507 926
507 926 507 925
507 925 506 925
500 994 501 994
501 994 502 994
502 994 503 994
503 994 504 994
504 994 504 993
504 993 504 992
504 992 504 991
508 1000 507 1000
507 1000 506 1000
506 1000 505 1000
505 1000 504 1000
504 1000 504 999
504 999 504 998
504 998 504 997
504 997 504 996
504 996 504 995
504 995 504 994
504 994 504 993
504 993 504 992
504 992 504 991
504 991 505 991
505 991 506 991
506 991 507 991
507 991 507 990
507 990 507 989
507 989 507 988
507 988 507 987
507 987 507 986
507 986 507 985
507 985 506 985
506 985 505 985
505 985 504 985
504 985 503 985
503 985 502 985
502 985 501 985
501 985 502 985
502 985 502 984
502 984 502 983
502 983 502 982
502 982 502 981
502 981 503 981
503 981 504 981
504 981 504 980
504 980 504 979
504 979 504 978
507 972 506 972
506 972 505 972
505 972 505 971
504 978 505 978
505 978 505 977
505 977 505 976
505 976 505 975
505 975 505 974
505 974 505 973
505 973 505 972
505 972 505 971
505 971 506 971
506 971 506 970
506 970 506 969
506 969 506 968
501 965 502 965
502 965 503 965
503 965 504 965
504 965 505 965
505 965 506 965
506 965 506 966
506 966 506 967
506 967 506 968
506 968 505 968
505 968 505 967
505 967 505 966
505 966 505 965
505 965 505 964
505 964 505 963
505 963 505 962
505 962 505 961
505 961 505 960
505 960 505 959
505 959 505 958
505 958 505 957
505 957 505 956
500 956 501 956
501 956 502 956
502 956 503 956
503 956 504 956
504 956 505 956
505 956 504 956
504 956 503 956
503 956 503 955
503 955 503 954
503 954 503 953
503 953 503 952
503 952 504 952
504 952 505 952
505 952 506 952
506 952 506 951
506 951 506 950
506 950 506 949
506 949 506 948
506 948 506 947
506 947 506 946
506 946 506 945
506 945 506 944
506 944 506 943
506 943 506 942
506 942 506 941
506 941 506 940
506 940 507 940
507 940 508 940
508 940 508 939
508 939 508 938
508 938 508 937
508 937 508 936
508 936 507 936
507 936 506 936
506 936 505 936
505 936 504 936
504 936 503 936
503 936 502 936
502 936 501 936
501 936 500 936
500 936 500 935
500 935 501 935
501 935 501 934
501 934 501 933
501 933 501 932
501 932 501 931
506 925 505 925
505 925 504 925
504 925 503 925
501 931 502 931
502 931 503 931
503 931 503 930
503 930 503 929
503 929 503 928
503 928 503 927
503 927 503 926
503 926 503 925
503 925 502 925
502 925 501 925
501 925 500 925
500 925 500 924
500 924 500 923
500 923 500 922
500 922 500 921
500 921 501 921
501 921 502 921
502 921 503 921
503 921 503 920
503 920 503 919
503 919 503 918
503 918 503 917
503 917 503 916
503 916 503 915
503 915 503 914
503 914 503 913
503 913 503 912
503 912 503 911
503 911 503 910
503 910 503 909
503 909 504 909
504 909 505 909
505 909 506 909
506 909 506 908
506 908 506 907
506 907 505 907
505 907 505 906
505 906 505 905
505 905 505 904
505 904 505 903
505 903 505 902
505 902 505 901
505 901 505 900
505 900 505 899
505 899 505 898
505 898 505 897
505 897 505 896
505 896 505 895
505 895 505 894
505 894 505 893
505 893 505 892
505 892 505 891
505 891 505 890
505 890 505 889
505 889 504 889
504 889 503 889
503 889 502 889
502 889 501 889
501 889 501 890
501 890 501 891
501 891 501 890
501 890 501 889
501 889 501 888
501 888 501 887
501 880 502 880
502 880 503 880
503 880 503 881
503 881 503 882
501 887 502 887
502 887 503 887
503 887 503 886
503 886 503 885
503 885 503 884
503 884 503 883
503 883 503 882
508 878 507 878
507 878 507 879
503 882 504 882
504 882 505 882
505 882 506 882
506 882 507 882
507 882 507 881
507 881 507 880
507 880 507 879
507 879 506 879
506 879 506 878
506 878 506 877
509 870 508 870
508 870 507 870
507 870 506 870
506 870 506 869
506 877 506 876
506 876 506 875
506 875 506 874
506 874 506 873
506 873 506 872
506 872 506 871
506 871 506 870
506 870 506 869
506 869 505 869
505 869 504 869
504 869 503 869
503 869 502 869
502 869 502 868
502 868 502 867
502 867 501 867
501 867 501 866
501 866 501 865
501 865 502 865
502 865 503 865
503 865 504 865
504 865 504 864
504 864 504 863
504 863 504 862
504 862 504 861
504 861 504 860
508 858 507 858
507 858 506 858
504 860 505 860
505 860 506 860
506 860 506 859
506 859 506 858
506 858 506 857
506 857 506 856
506 856 506 855
508 848 508 849
508 849 508 850
506 855 506 854
506 854 506 853
506 853 506 852
508 850 507 850
507 850 506 850
506 850 506 851
506 851 506 852
506 852 505 852
505 852 504 852
504 852 503 852
503 852 503 853
503 853 502 853
502 853 501 853
501 853 501 852
501 852 501 851
501 851 500 851
500 851 500 850
500 850 500 849
500 849 500 848
500 848 500 847
500 847 500 846
500 846 501 846
501 846 501 845
501 845 501 844
501 844 501 843
501 843 501 842
501 842 501 841
501 841 501 840
501 840 501 839
501 839 501 838
501 838 501 837
501 837 502 837
502 837 502 836
502 836 502 835
502 835 503 835
503 835 503 834
503 834 503 833
503 833 503 832
503 832 503 831
503 831 503 830
500 828 501 828
503 830 502 830
502 830 501 830
501 830 501 829
501 829 501 828
507 825 506 825
506 825 505 825
505 825 505 826
505 826 505 827
501 828 502 828
502 828 503 828
503 828 504 828
504 828 505 828
505 828 505 827
505 827 504 827
504 827 503 827
503 827 503 826
503 826 503 825
503 825 503 824
503 824 503 823
503 823 502 823
502 823 502 822
502 822 502 821
502 821 502 820
508 820 507 820
507 820 506 820
506 820 505 820
505 820 504 820
504 820 503 820
503 820 502 820
502 820 502 819
502 819 502 818
502 818 501 818
501 818 500 818
500 818 500 817
500 817 500 816
500 816 500 815
500 815 500 814
500 814 500 813
500 813 500 812
500 812 500 811
500 811 500 810
500 810 500 809
500 809 500 808
500 808 500 807
500 807 500 806
500 806 500 805
500 805 500 804
500 804 500 803
500 803 500 802
500 802 500 801
500 801 500 800
505 801 504 801
504 801 504 800
504 800 504 799
504 799 504 798
500 800 501 800
501 800 502 800
502 800 503 800
503 800 504 800
504 800 504 799
504 799 504 798
504 798 503 798
503 798 503 797
503 797 503 796
502 779 503 779
503 779 504 779
504 779 504 780
504 780 504 781
503 796 504 796
504 796 504 795
504 795 504 794
504 794 504 793
504 793 504 792
504 792 504 791
504 791 504 790
504 790 504 789
504 789 504 788
504 788 504 787
504 787 504 786
504 786 504 785
504 785 504 784
504 784 504 783
504 783 504 782
504 782 504 781
504 781 505 781
505 781 505 780
505 780 505 779
505 779 505 778
505 778 505 777
505 777 506 777
506 777 506 776
506 776 506 775
506 775 506 774
506 774 506 773
506 773 505 773
505 773 505 772
505 772 504 772
504 772 504 771
504 771 504 770
504 770 504 769
504 769 504 768
504 768 505 768
505 768 506 768
506 768 506 767
506 767 506 766
506 766 506 765
506 765 506 764
506 764 506 763
506 763 506 762
506 762 506 761
506 761 506 760
506 760 507 760
507 760 507 759
507 759 507 758
509 751 508 751
508 751 507 751
507 751 506 751
500 751 501 751
501 751 502 751
502 751 503 751
503 751 504 751
504 751 505 751
505 751 506 751
507 758 506 758
506 758 506 757
506 757 506 756
506 756 506 755
506 755 506 754
506 754 506 753
506 753 506 752
506 752 506 751
506 751 507 751
507 751 507 750
507 750 507 749
507 749 507 748
507 748 507 747
507 747 506 747
506 747 506 746
506 746 506 745
506 745 506 744
506 744 506 743
507 737 508 737
508 737 509 737
509 737 509 738
509 738 509 739
506 743 505 743
505 743 505 742
505 742 505 741
509 739 508 739
508 739 507 739
507 739 506 739
506 739 505 739
505 739 505 740
505 740 505 741
505 741 504 741
504 741 503 741
503 741 502 741
503 745 502 745
502 745 502 744
502 744 502 743
502 743 502 742
502 742 502 741
502 741 502 740
502 740 502 739
502 739 502 738
502 738 502 737
502 737 502 736
502 736 502 735
502 735 502 734
502 734 502 733
502 733 502 732
502 732 502 731
502 731 502 730
502 730 502 729
502 729 502 728
502 728 502 727
502 727 501 727
501 727 501 726
501 726 501 725
501 725 501 724
501 724 501 723
501 723 501 722
501 722 502 722
502 722 503 722
503 722 504 722
504 722 504 721
504 721 504 720
509 719 508 719
508 719 507 719
507 719 506 719
506 719 505 719
505 719 504 719
504 719 504 720
504 720 504 719
504 719 504 718
504 718 504 717
504 717 504 716
504 716 504 715
504 715 504 714
504 714 504 713
503 706 504 706
504 713 504 712
504 712 504 711
504 711 504 710
504 710 504 709
504 709 504 708
504 708 504 707
504 707 504 706
504 706 505 706
505 706 506 706
506 706 507 706
507 706 507 705
507 705 506 705
506 705 506 704
506 704 506 703
506 703 506 702
506 702 506 701
506 701 506 700
506 700 505 700
505 700 505 699
505 699 505 698
505 698 505 697
505 697 505 696
505 696 505 695
505 695 505 694
505 694 505 693
505 693 505 692
505 692 505 691
505 691 505 690
505 690 505 689
505 689 505 688
500 688 501 688
501 688 502 688
502 688 503 688
503 688 504 688
504 688 505 688
505 688 505 687
505 687 505 686
505 686 505 685
505 685 505 684
505 684 505 683
505 683 505 682
505 682 505 681
505 681 505 680
505 680 505 679
505 679 505 678
505 678 506 678
506 678 506 677
506 677 506 676
506 676 506 675
506 675 505 675
505 675 504 675
504 675 503 675
503 675 504 675
504 675 504 674
504 674 504 673
504 673 504 672
504 672 504 671
504 671 504 670
507 667 506 667
506 667 505 667
505 667 504 667
504 667 504 668
504 668 504 669
504 669 504 670
504 670 503 670
503 670 503 669
503 669 503 668
503 668 503 667
503 667 503 666
503 666 503 665
503 665 503 664
503 664 503 663
503 663 504 663
504 663 505 663
505 663 506 663
506 663 506 662
506 662 506 661
506 661 506 660
506 660 506 659
506 659 507 659
507 659 508 659
508 659 509 659
509 659 509 658
509 658 509 657
503 648 504 648
504 648 505 648
505 648 506 648
506 648 507 648
507 648 508 648
508 648 508 647
509 657 508 657
508 657 508 656
508 656 508 655
508 655 508 654
508 654 508 653
508 653 508 652
508 652 508 651
508 651 508 650
508 650 508 649
508 649 508 648
508 648 508 647
508 647 509 647
509 647 509 646
509 646 509 645
509 645 509 644
509 644 509 643
509 643 509 642
500 638 501 638
501 638 502 638
502 638 503 638
503 638 504 638
504 638 504 639
509 642 508 642
508 642 507 642
507 642 506 642
506 642 505 642
505 642 504 642
504 642 504 641
504 641 504 640
504 640 504 639
507 631 506 631
506 631 505 631
505 631 504 631
504 631 503 631
504 639 503 639
503 639 503 638
503 638 503 637
503 637 503 636
503 636 503 635
503 635 503 634
503 634 503 633
503 633 503 632
503 632 503 631
503 631 503 630
503 630 503 629
503 629 503 628
503 628 503 627
503 627 503 626
503 626 503 625
503 625 503 624
503 624 504 624
504 624 505 624
505 624 506 624
506 624 506 623
506 623 506 622
506 622 506 621
506 621 506 620
506 620 506 619
506 619 506 618
506 618 507 618
507 618 507 617
508 619 507 619
507 619 507 618
507 618 507 617
507 617 508 617
508 617 509 617
509 617 509 616
509 616 509 615
509 615 509 614
509 614 509 613
509 613 508 613
508 613 507 613
507 613 506 613
506 613 506 612
506 612 506 611
506 611 506 610
506 610 506 609
506 609 505 609
505 609 504 609
504 609 504 608
501 607 502 607
502 607 503 607
503 607 504 607
504 607 504 608
504 608 504 607
504 607 504 606
504 606 504 605
504 605 504 604
504 604 504 603
508 593 507 593
507 593 506 593
506 593 505 593
505 593 504 593
504 593 503 593
503 593 503 594
504 603 503 603
503 603 503 602
503 602 503 601
503 601 503 600
503 600 503 599
503 599 503 598
503 598 503 597
503 597 503 596
503 596 503 595
503 595 503 594
503 594 502 594
502 594 501 594
501 594 501 593
501 593 501 592
501 592 501 591
501 591 501 590
501 590 501 589
507 583 506 583
506 583 505 583
505 583 504 583
504 583 504 584
504 584 504 585
504 585 504 586
501 589 502 589
502 589 503 589
503 589 504 589
504 589 504 588
504 588 504 587
504 587 504 586
504 586 503 586
503 586 502 586
502 586 502 585
502 585 502 584
502 584 501 584
501 584 500 584
500 584 500 583
500 583 501 583
501 583 501 582
501 582 501 581
501 581 501 580
501 580 501 579
501 579 501 578
508 576 507 576
507 576 506 576
506 576 505 576
505 576 504 576
501 578 502 578
502 578 503 578
503 578 504 578
504 578 504 577
504 577 504 576
503 574 504 574
504 574 504 573
504 576 504 575
504 575 504 574
504 574 504 573
504 573 503 573
503 573 503 572
503 572 503 571
503 571 503 570
503 570 503 569
503 569 503 568
503 568 503 567
503 567 504 567
504 567 505 567
509 566 508 566
508 566 507 566
507 566 506 566
506 566 505 566
505 566 505 567
505 567 506 567
506 567 506 566
506 566 506 565
506 565 506 564
506 564 506 563
506 563 506 562
506 562 506 561
506 561 506 560
506 560 506 559
506 559 506 558
506 558 506 557
506 557 506 556
506 556 506 555
506 555 506 554
506 554 506 553
506 553 506 552
506 552 505 552
505 552 504 552
504 552 503 552
503 552 503 551
503 551 503 550
503 550 503 549
503 549 503 548
503 548 503 547
503 547 502 547
502 547 501 547
501 547 500 547
500 547 500 546
500 546 500 545
500 545 500 544
500 544 500 543
500 543 500 542
500 542 500 541
500 541 500 540
500 540 500 539
500 539 500 538
500 538 500 537
500 537 500 536
500 536 500 535
500 535 501 535
501 535 502 535
502 535 503 535
503 535 504 535
504 535 505 535
505 535 506 535
506 535 507 535
507 535 508 535
508 535 509 535
509 535 509 534
509 534 509 533
509 533 509 532
509 532 509 531
509 531 509 530
509 530 509 529
509 529 509 528
509 528 509 527
509 527 509 526
509 526 508 526
508 526 507 526
507 526 506 526
506 526 505 526
505 526 504 526
504 526 503 526
503 526 502 526
502 526 501 526
501 526 500 526
500 526 500 525
500 525 500 524
500 524 501 524
501 524 501 523
501 523 501 522
501 522 501 521
501 521 501 520
501 520 502 520
502 520 503 520
503 520 504 520
504 520 505 520
505 520 505 521
505 521 506 521
506 521 506 520
506 520 506 519
506 519 506 518
506 518 507 518
507 518 508 518
508 518 509 518
509 518 509 517
509 517 509 516
509 516 509 515
509 515 509 514
509 514 509 513
509 513 509 512
509 512 509 511
509 511 509 510
509 510 509 509
509 509 509 508
509 508 509 507
509 507 509 506
503 499 504 499
504 499 504 500
509 506 508 506
508 506 507 506
507 506 506 506
506 506 505 506
505 506 504 506
504 506 504 505
504 505 504 504
504 504 504 503
504 503 504 502
504 502 504 501
504 501 504 500
504 500 505 500
505 500 505 499
505 499 505 498
507 485 506 485
506 485 505 485
505 485 505 484
505 498 505 497
505 497 505 496
505 496 505 495
505 495 505 494
505 494 505 493
505 493 505 492
505 492 505 491
505 491 505 490
505 490 505 489
505 489 505 488
505 488 505 487
505 487 505 486
505 486 505 485
505 485 505 484
505 484 506 484
506 484 506 483
506 483 506 482
506 482 506 481
506 481 506 480
506 480 506 479
506 479 506 478
506 478 506 477
506 477 506 476
506 476 506 475
506 475 506 474
506 474 506 473
503 458 504 458
504 458 505 458
505 458 506 458
506 458 507 458
507 458 508 458
506 473 507 473
507 473 508 473
508 473 508 472
508 472 508 471
508 471 508 470
508 470 508 469
508 469 508 468
508 468 508 467
508 467 508 466
508 466 508 465
508 465 508 464
508 464 508 463
508 463 508 462
508 462 508 461
508 461 508 460
508 460 508 459
508 459 508 458
508 458 509 458
509 458 509 457
509 457 509 456
509 456 509 455
509 455 509 454
509 454 509 453
509 453 509 452
509 452 509 451
509 451 508 451
508 451 507 451
507 451 507 450
507 450 507 449
507 449 507 448
507 448 507 447
507 447 507 446
507 446 507 445
500 446 501 446
501 446 502 446
502 446 503 446
503 446 504 446
504 446 505 446
505 446 506 446
506 446 507 446
507 446 507 445
508 438 507 438
507 438 507 439
507 445 507 444
507 444 507 443
507 443 507 442
507 442 507 441
507 441 507 440
507 440 507 439
507 439 506 439
506 439 505 439
505 439 504 439
504 439 503 439
503 439 502 439
502 439 502 438
502 438 502 437
502 437 502 436
502 436 502 435
502 435 502 434
502 434 502 433
502 433 502 432
502 432 502 431
502 431 501 431
501 431 501 430
501 430 502 430
502 430 503 430
503 430 504 430
504 430 504 429
504 429 504 428
504 428 504 427
504 427 504 426
504 426 505 426
505 426 506 426
506 426 507 426
507 426 508 426
508 426 509 426
509 426 509 425
509 425 509 424
509 424 509 423
509 423 509 422
509 422 509 421
509 421 509 420
509 420 509 419
509 419 509 418
509 418 509 417
509 417 509 416
505 402 504 402
504 402 504 403
509 416 508 416
508 416 507 416
507 416 506 416
506 416 505 416
505 416 504 416
504 416 504 415
504 415 504 414
504 414 504 413
504 413 504 412
504 412 504 411
504 411 504 410
504 410 504 409
504 409 504 408
504 408 504 407
504 407 504 406
504 406 504 405
504 405 504 404
504 404 504 403
503 399 504 399
504 403 504 402
504 402 504 401
504 401 504 400
504 400 504 399
504 399 505 399
505 399 506 399
506 399 507 399
507 399 508 399
508 399 508 398
508 398 508 397
508 397 508 396
508 396 508 395
508 395 508 394
508 394 508 393
504 386 505 386
505 386 506 386
506 386 507 386
507 386 508 386
508 393 508 392
508 392 508 391
508 391 508 390
508 390 508 389
508 389 508 388
508 388 508 387
508 387 508 386
508 386 508 385
508 385 508 384
508 384 508 383
508 383 508 382
508 382 508 381
508 381 508 380
508 380 508 379
508 379 508 378
508 378 508 377
508 377 508 376
508 376 508 375
508 375 508 374
508 374 508 373
508 373 508 372
508 372 508 371
508 371 508 370
508 370 508 369
508 369 508 368
508 368 507 368
507 368 507 367
507 367 507 366
507 366 507 365
507 365 506 365
506 365 505 365
505 365 505 364
505 364 505 363
505 363 504 363
504 363 503 363
503 363 502 363
502 363 502 362
502 362 502 361
502 361 502 360
502 360 502 359
502 359 502 358
502 358 502 357
502 357 502 356
502 356 502 355
502 355 502 354
502 354 502 353
502 353 502 352
502 352 502 351
502 351 502 350
502 350 501 350
501 350 500 350
500 350 500 349
500 349 500 348
500 348 500 347
500 347 500 346
500 346 500 345
500 345 500 344
500 344 500 343
500 343 500 342
500 342 500 341
500 341 500 340
500 340 500 339
500 339 500 338
500 338 500 337
500 337 500 336
500 336 500 335
500 335 500 334
500 334 500 333
507 340 507 339
507 339 507 338
507 338 507 337
507 337 507 336
507 336 507 335
507 335 507 334
500 333 501 333
501 333 502 333
502 333 503 333
503 333 504 333
504 333 505 333
505 333 506 333
506 333 507 333
507 333 507 334
507 334 507 333
507 333 507 332
507 332 507 331
507 331 507 330
507 330 507 329
507 329 507 328
507 328 507 327
507 327 508 327
508 327 509 327
509 327 509 326
509 326 509 325
509 325 509 324
509 324 509 323
509 323 508 323
508 323 507 323
507 323 506 323
506 323 506 322
506 322 506 321
506 321 506 320
506 320 506 319
506 319 506 318
506 318 506 317
506 317 506 316
506 316 506 315
506 315 505 315
505 315 504 315
504 315 503 315
503 315 502 315
502 315 502 314
502 314 502 313
502 313 501 313
501 313 500 313
500 313 500 314
500 320 500 319
500 319 500 318
500 318 500 317
500 317 500 316
500 316 500 315
500 315 500 314
500 314 500 313
500 313 500 312
500 312 500 311
500 311 500 310
500 310 500 309
500 309 500 308
500 308 501 308
501 308 502 308
502 308 503 308
503 308 504 308
504 308 505 308
505 308 506 308
506 308 506 307
506 307 506 306
506 306 507 306
507 306 508 306
508 306 508 305
508 305 508 304
508 304 508 303
508 303 508 302
508 302 507 302
507 302 507 301
507 301 507 300
507 300 507 299
507 299 507 298
507 298 506 298
506 298 505 298
505 298 504 298
504 298 503 298
503 298 502 298
502 298 502 299
504 289 503 289
503 289 502 289
502 289 501 289
502 299 501 299
501 299 501 298
501 298 501 297
501 297 501 296
501 296 501 295
501 295 501 294
501 294 501 293
501 293 501 292
501 292 501 291
501 291 501 290
501 290 501 289
501 289 501 288
501 288 501 287
501 287 501 286
501 286 501 285
501 285 501 284
501 284 501 283
501 283 501 282
501 282 501 281
501 281 502 281
502 281 503 281
503 281 503 280
503 280 503 279
503 279 503 278
503 278 503 277
503 277 503 276
503 276 503 275
500 263 501 263
501 263 502 263
502 263 503 263
503 263 504 263
504 263 505 263
503 275 504 275
504 275 505 275
505 275 505 274
505 274 505 273
505 273 505 272
505 272 505 271
505 271 505 270
505 270 505 269
505 269 505 268
505 268 505 267
505 267 505 266
505 266 505 265
505 265 505 264
505 264 505 263
507 259 508 259
508 259 508 260
508 260 508 261
505 263 506 263
506 263 507 263
507 263 508 263
508 263 508 262
508 262 508 261
