997 201 996 201
996 201 995 201
995 201 995 202
995 202 994 202
994 202 993 202
993 202 992 202
992 202 991 202
991 202 990 202
990 202 989 202
989 202 989 201
989 201 988 201
988 201 987 201
987 201 986 201
986 201 985 201
985 201 985 202
985 202 985 203
985 203 985 204
985 204 985 205
985 205 985 206
988 208 987 208
987 208 986 208
986 208 985 208
985 208 985 207
985 207 985 206
985 206 984 206
984 206 983 206
983 206 982 206
982 206 981 206
976 209 977 209
977 209 978 209
978 209 979 209
979 209 980 209
980 209 981 209
981 209 981 208
981 208 981 207
981 207 981 206
981 206 980 206
980 206 979 206
979 206 979 205
979 205 979 204
979 204 979 203
979 203 979 202
979 202 979 201
979 201 978 201
978 201 977 201
977 201 976 201
976 201 975 201
975 201 974 201
974 201 973 201
973 201 972 201
972 201 971 201
971 201 970 201
970 201 970 202
970 202 970 203
970 203 969 203
969 203 968 203
968 203 968 204
968 204 967 204
967 204 966 204
966 204 965 204
965 204 964 204
964 204 964 203
964 203 964 202
964 202 964 201
964 201 963 201
963 201 962 201
962 201 961 201
961 201 961 202
961 202 961 203
961 203 961 204
961 204 961 205
961 205 961 206
961 206 961 207
961 207 961 208
961 208 961 209
961 209 960 209
960 209 959 209
959 209 958 209
958 209 957 209
957 209 956 209
956 209 955 209
955 209 954 209
954 209 953 209
953 209 952 209
952 209 952 208
952 208 952 207
952 207 952 206
952 206 952 205
952 205 952 204
952 204 952 203
952 203 951 203
951 203 951 202
951 202 951 201
951 201 951 200
841 209 842 209
842 209 842 208
842 208 842 207
822 200 821 200
821 200 820 200
820 200 819 200
819 200 818 200
818 200 817 200
821 807 821 806
821 806 821 805
821 805 821 804
991 803 990 803
990 803 989 803
989 803 988 803
988 803 987 803
987 803 986 803
986 803 985 803
985 803 984 803
984 803 983 803
983 803 982 803
982 803 981 803
981 803 980 803
980 803 979 803
979 803 978 803
978 803 977 803
977 803 976 803
976 803 975 803
975 803 975 804
975 804 975 805
975 805 975 806
975 806 975 807
964 800 965 800
965 800 965 801
975 807 974 807
974 807 973 807
973 807 972 807
972 807 971 807
971 807 970 807
970 807 969 807
969 807 968 807
968 807 967 807
967 807 966 807
966 807 965 807
965 807 965 806
965 806 965 805
965 805 965 804
965 804 965 803
965 803 965 802
965 802 965 801
965 801 964 801
964 801 963 801
963 801 962 801
962 801 961 801
961 801 960 801
960 801 960 802
960 802 960 803
960 803 959 803
959 803 958 803
958 803 957 803
957 803 956 803
956 803 955 803
955 803 954 803
954 803 954 804
954 804 954 805
950 804 950 805
950 805 950 806
954 805 953 805
953 805 952 805
952 805 951 805
951 805 950 805
950 805 950 806
950 806 949 806
949 806 948 806
948 806 947 806
947 806 947 805
948 801 947 801
947 801 947 802
947 802 947 803
947 803 947 804
947 804 947 805
947 805 946 805
946 805 945 805
945 805 944 805
944 805 943 805
943 805 942 805
942 805 941 805
941 805 940 805
940 805 939 805
939 805 938 805
938 805 938 806
938 806 938 807
938 807 938 808
938 808 938 809
938 809 937 809
937 809 936 809
936 809 935 809
935 809 934 809
934 809 933 809
933 809 932 809
932 809 931 809
931 809 930 809
930 809 929 809
929 809 928 809
928 809 927 809
927 809 926 809
926 809 925 809
925 809 924 809
924 809 923 809
923 809 922 809
922 809 922 808
922 808 922 807
922 807 921 807
921 807 920 807
920 807 919 807
919 807 918 807
918 807 917 807
917 807 916 807
916 807 915 807
915 807 914 807
914 807 913 807
913 807 913 806
913 806 912 806
912 806 911 806
911 806 910 806
910 806 910 805
910 805 910 804
910 804 910 803
910 803 909 803
909 803 909 804
909 804 909 805
909 805 909 806
909 806 909 807
909 807 909 808
909 808 909 809
909 809 908 809
908 809 907 809
907 809 906 809
906 809 905 809
905 809 904 809
904 809 903 809
903 809 902 809
902 809 901 809
901 809 900 809
900 809 899 809
899 809 898 809
898 809 897 809
897 809 897 808
897 808 897 807
897 807 897 806
897 806 897 805
897 805 897 804
897 804 897 803
897 803 897 802
897 802 897 801
897 801 896 801
896 801 895 801
895 801 894 801
894 801 893 801
893 801 892 801
892 801 891 801
891 801 890 801
890 801 889 801
889 801 888 801
888 801 887 801
887 801 886 801
886 801 885 801
885 801 885 802
885 802 884 802
884 802 883 802
883 802 883 803
883 803 883 804
883 804 883 805
883 805 883 806
877 801 877 802
877 802 877 803
877 803 877 804
877 804 877 805
877 805 877 806
877 806 877 807
883 806 882 806
882 806 881 806
881 806 880 806
880 806 879 806
879 806 878 806
878 806 877 806
877 806 877 807
877 807 876 807
876 807 875 807
875 807 874 807
874 807 873 807
873 807 872 807
864 809 865 809
865 809 866 809
866 809 866 808
866 808 866 807
866 807 866 806
872 807 871 807
871 807 870 807
870 807 869 807
869 807 868 807
868 807 867 807
867 807 866 807
866 807 866 806
866 806 865 806
865 806 864 806
864 806 863 806
863 806 863 805
863 805 863 804
863 804 862 804
862 804 861 804
861 804 860 804
860 804 859 804
859 804 858 804
858 804 857 804
857 804 856 804
856 804 855 804
855 804 854 804
854 804 853 804
853 804 853 805
853 805 852 805
852 805 851 805
851 805 850 805
850 805 849 805
849 805 848 805
848 805 847 805
847 805 846 805
846 805 846 804
846 804 846 803
846 803 846 802
846 802 845 802
845 802 844 802
844 802 843 802
843 802 842 802
842 802 841 802
841 802 840 802
840 802 839 802
839 802 838 802
838 802 838 803
838 803 837 803
837 803 836 803
836 803 835 803
835 803 834 803
834 803 834 804
834 804 834 805
834 805 834 806
834 806 834 807
834 807 833 807
833 807 832 807
832 807 831 807
831 807 830 807
830 807 829 807
829 807 828 807
828 807 828 808
828 808 827 808
827 808 826 808
826 808 826 807
826 807 826 806
826 806 826 805
821 804 822 804
822 804 823 804
823 804 823 803
823 803 823 802
826 805 825 805
825 805 824 805
824 805 823 805
823 805 823 804
823 804 823 803
823 803 823 802
823 802 822 802
822 802 821 802
821 802 820 802
820 802 819 802
819 802 818 802
818 802 817 802
817 802 816 802
816 802 815 802
815 802 814 802
814 802 813 802
813 802 812 802
812 802 811 802
807 809 806 809
806 809 805 809
805 809 804 809
804 809 804 808
804 808 804 807
804 807 804 806
811 802 810 802
810 802 809 802
809 802 808 802
808 802 807 802
807 802 806 802
806 802 805 802
805 802 804 802
804 802 804 803
804 803 804 804
804 804 804 805
804 805 804 806
804 806 803 806
803 806 802 806
802 806 801 806
801 806 800 806
800 806 799 806
799 806 799 805
799 805 798 805
798 805 797 805
797 805 796 805
796 805 795 805
795 805 794 805
794 805 793 805
793 805 793 806
793 806 792 806
792 806 791 806
791 806 790 806
790 806 789 806
789 806 789 807
789 807 789 808
789 808 788 808
788 808 787 808
787 808 786 808
778 800 777 800
777 800 776 800
776 800 775 800
775 800 774 800
774 800 773 800
773 800 773 801
773 801 773 802
773 802 773 803
773 803 773 804
773 804 773 805
773 805 773 806
773 806 773 807
786 808 785 808
785 808 784 808
784 808 783 808
783 808 782 808
782 808 781 808
781 808 780 808
780 808 779 808
779 808 778 808
778 808 777 808
777 808 776 808
776 808 775 808
775 808 774 808
774 808 773 808
773 808 773 807
773 807 772 807
772 807 771 807
771 807 770 807
770 807 769 807
769 807 769 806
769 806 769 805
769 805 768 805
768 805 767 805
767 805 766 805
766 805 765 805
765 805 764 805
764 805 764 806
764 806 764 807
764 807 764 808
764 808 763 808
763 808 762 808
762 808 761 808
761 808 760 808
760 808 759 808
759 808 758 808
758 808 757 808
757 808 757 807
757 807 757 806
757 806 757 805
757 805 757 804
757 804 756 804
756 804 755 804
755 804 754 804
754 804 753 804
753 804 752 804
752 804 751 804
751 804 750 804
750 804 750 803
745 809 744 809
744 809 744 808
744 808 744 807
744 807 744 806
744 806 744 805
744 805 744 804
750 803 749 803
749 803 748 803
748 803 747 803
747 803 746 803
746 803 745 803
745 803 744 803
744 803 744 804
744 804 743 804
743 804 742 804
742 804 741 804
741 804 740 804
740 804 739 804
739 804 739 803
641 808 642 808
642 808 642 809
551 808 552 808
552 808 553 808
553 808 554 808
554 808 555 808
555 808 556 808
556 808 557 808
557 808 557 807
242 800 243 800
243 800 244 800
244 800 245 800
218 800 219 800
219 800 220 800
220 800 221 800
221 800 222 800
222 800 222 801
222 801 222 802
222 802 222 803
158 807 157 807
157 807 156 807
65 808 64 808
64 808 63 808
63 808 63 809
20 807 19 807
19 807 18 807
18 807 17 807
17 807 16 807
16 807 15 807
15 807 14 807
14 807 13 807
13 807 13 806
3 803 4 803
4 803 5 803
5 803 6 803
6 803 7 803
7 803 8 803
8 803 9 803
9 803 10 803
10 803 11 803
11 803 12 803
12 803 13 803
13 803 13 804
13 804 13 805
13 805 13 806
13 806 14 806
14 806 15 806
15 806 15 805
15 805 15 804
15 804 15 803
15 803 15 802
15 802 15 801
15 801 16 801
16 801 17 801
17 801 18 801
18 801 19 801
19 801 20 801
20 801 21 801
21 801 22 801
22 801 23 801
23 801 24 801
24 801 25 801
25 801 26 801
26 801 27 801
27 801 28 801
28 801 29 801
29 801 29 800
29 800 30 800
30 800 31 800
31 800 32 800
32 800 33 800
33 800 34 800
34 800 35 800
35 800 36 800
36 800 37 800
37 800 37 801
37 801 37 802
37 802 37 803
37 803 38 803
38 803 39 803
39 803 40 803
40 803 41 803
41 803 42 803
42 803 43 803
43 803 44 803
44 803 45 803
45 803 46 803
46 803 47 803
47 803 48 803
48 803 49 803
49 803 50 803
50 803 51 803
51 803 52 803
52 803 53 803
53 803 54 803
54 803 55 803
55 803 55 802
55 802 55 801
63 809 63 808
63 808 63 807
63 807 63 806
63 806 63 805
63 805 63 804
63 804 63 803
63 803 63 802
55 801 56 801
56 801 57 801
57 801 58 801
58 801 59 801
59 801 60 801
60 801 61 801
61 801 62 801
62 801 63 801
63 801 63 802
63 802 64 802
64 802 65 802
65 802 66 802
66 802 67 802
67 802 68 802
68 802 69 802
69 802 70 802
70 802 71 802
71 802 72 802
72 802 72 803
72 803 73 803
73 803 74 803
74 803 75 803
75 803 76 803
76 803 77 803
77 803 78 803
78 803 79 803
79 803 79 802
79 802 79 801
79 801 79 800
79 800 80 800
80 800 81 800
81 800 82 800
82 800 83 800
83 800 84 800
84 800 84 801
84 801 84 802
84 802 84 803
84 803 84 804
84 804 84 805
84 805 84 806
79 808 80 808
80 808 81 808
81 808 82 808
82 808 83 808
83 808 84 808
84 808 84 807
84 807 84 806
84 806 85 806
85 806 86 806
86 806 86 805
86 805 87 805
87 805 87 806
87 806 87 807
87 807 87 808
87 808 87 809
87 809 88 809
88 809 89 809
89 809 90 809
90 809 91 809
91 809 92 809
92 809 93 809
93 809 93 808
96 800 95 800
95 800 94 800
94 800 93 800
93 800 93 801
93 801 93 802
93 802 93 803
93 803 93 804
93 804 93 805
93 805 93 806
93 806 93 807
93 807 93 808
93 808 94 808
94 808 95 808
95 808 96 808
96 808 97 808
97 808 98 808
98 808 99 808
99 808 100 808
100 808 101 808
101 808 102 808
102 808 103 808
103 808 104 808
104 808 105 808
105 808 106 808
106 808 107 808
107 808 107 809
107 809 108 809
108 809 109 809
109 809 110 809
110 809 111 809
111 809 112 809
112 809 113 809
113 809 114 809
114 809 115 809
115 809 116 809
116 809 116 808
116 808 116 807
116 807 116 806
116 806 116 805
116 805 116 804
116 804 117 804
117 804 118 804
118 804 119 804
119 804 120 804
120 804 121 804
121 804 122 804
122 804 123 804
123 804 124 804
124 804 125 804
125 804 126 804
126 804 127 804
127 804 128 804
128 804 129 804
129 804 130 804
130 804 131 804
131 804 132 804
132 804 133 804
133 804 133 805
133 805 133 806
133 806 133 807
133 807 134 807
134 807 135 807
135 807 136 807
136 807 137 807
137 807 138 807
138 807 139 807
139 807 140 807
140 807 141 807
141 807 142 807
142 807 143 807
143 807 143 806
143 806 144 806
144 806 145 806
145 806 146 806
146 806 147 806
147 806 148 806
148 806 148 805
148 805 148 804
148 804 149 804
149 804 150 804
150 804 151 804
151 804 152 804
152 804 152 805
152 805 152 806
156 807 155 807
155 807 155 806
152 806 153 806
153 806 154 806
154 806 155 806
155 806 155 805
155 805 155 804
155 804 156 804
156 804 157 804
157 804 157 803
157 803 157 802
157 802 158 802
158 802 159 802
159 802 160 802
160 802 161 802
161 802 162 802
162 802 163 802
163 802 164 802
164 802 164 801
164 801 165 801
165 801 166 801
166 801 167 801
167 801 167 802
167 802 167 803
167 803 167 804
167 804 167 805
167 805 167 806
167 806 167 807
167 807 168 807
168 807 169 807
169 807 170 807
170 807 171 807
171 807 172 807
172 807 173 807
173 807 173 808
173 808 173 809
173 809 172 809
172 809 172 808
172 808 172 807
172 807 172 806
172 806 172 805
172 805 172 804
172 804 173 804
173 804 174 804
174 804 175 804
175 804 176 804
176 804 177 804
177 804 178 804
178 804 179 804
179 804 180 804
180 804 181 804
181 804 182 804
182 804 183 804
183 804 184 804
184 804 185 804
185 804 186 804
186 804 187 804
187 804 188 804
188 804 188 805
188 805 188 806
188 806 188 807
188 807 189 807
189 807 190 807
190 807 191 807
191 807 191 806
191 806 192 806
192 806 193 806
193 806 194 806
194 806 195 806
195 806 196 806
196 806 196 807
196 807 197 807
197 807 198 807
198 807 199 807
199 807 200 807
200 807 200 806
200 806 200 805
200 805 200 804
200 804 200 803
200 803 200 802
200 802 200 801
208 804 209 804
209 804 209 803
200 801 201 801
201 801 202 801
202 801 203 801
203 801 204 801
204 801 205 801
205 801 206 801
206 801 207 801
207 801 208 801
208 801 209 801
209 801 209 802
209 802 209 803
209 803 209 804
209 804 209 805
209 805 209 806
209 806 210 806
210 806 211 806
211 806 212 806
212 806 213 806
213 806 214 806
214 806 215 806
215 806 215 807
215 807 215 808
222 803 222 804
222 804 222 805
222 805 222 806
222 806 222 807
215 808 216 808
216 808 217 808
217 808 218 808
218 808 219 808
219 808 220 808
220 808 221 808
221 808 222 808
222 808 222 807
222 807 223 807
223 807 224 807
224 807 225 807
225 807 226 807
226 807 227 807
227 807 228 807
228 807 229 807
229 807 230 807
230 807 231 807
231 807 232 807
232 807 233 807
233 807 234 807
234 807 235 807
235 807 236 807
236 807 237 807
237 807 238 807
238 807 238 808
238 808 239 808
239 808 240 808
240 808 241 808
241 808 242 808
242 808 243 808
243 808 244 808
244 808 245 808
245 808 245 809
245 800 246 800
246 800 246 801
246 801 246 802
246 802 246 803
246 803 246 804
245 809 246 809
246 809 246 808
246 808 246 807
246 807 246 806
246 806 246 805
246 805 246 804
246 804 247 804
247 804 248 804
248 804 249 804
249 804 250 804
250 804 251 804
251 804 252 804
252 804 253 804
253 804 254 804
254 804 255 804
255 804 256 804
256 804 257 804
257 804 258 804
258 804 258 805
258 805 259 805
259 805 259 806
259 806 259 807
259 807 259 808
259 808 260 808
260 808 261 808
261 808 262 808
262 808 263 808
263 808 264 808
264 808 265 808
265 808 266 808
266 808 267 808
267 808 268 808
268 808 268 807
268 807 269 807
269 807 270 807
270 807 271 807
271 807 272 807
272 807 273 807
273 807 274 807
274 807 275 807
275 807 276 807
276 807 277 807
277 807 278 807
278 807 279 807
279 807 280 807
280 807 281 807
281 807 281 808
281 808 282 808
282 808 283 808
283 808 284 808
284 808 285 808
285 808 286 808
286 808 287 808
287 808 288 808
288 808 289 808
289 808 290 808
290 808 291 808
291 808 292 808
292 808 292 807
292 807 292 806
292 806 293 806
293 806 294 806
294 806 295 806
295 806 296 806
296 806 297 806
297 806 298 806
298 806 299 806
299 806 300 806
300 806 301 806
301 806 302 806
302 806 303 806
303 806 304 806
304 806 305 806
305 806 306 806
306 806 307 806
307 806 307 807
307 807 307 808
307 808 308 808
308 808 309 808
309 808 310 808
310 808 311 808
311 808 312 808
312 808 313 808
313 808 314 808
314 808 314 807
314 807 314 806
314 806 315 806
315 806 316 806
316 806 317 806
317 806 318 806
318 806 319 806
319 806 320 806
320 806 321 806
321 806 322 806
322 806 323 806
323 806 324 806
324 806 325 806
325 806 326 806
326 806 327 806
327 806 328 806
328 806 329 806
329 806 330 806
330 806 331 806
331 806 332 806
332 806 333 806
333 806 334 806
334 806 335 806
335 806 336 806
336 806 337 806
337 806 338 806
338 806 339 806
339 806 340 806
340 806 341 806
341 806 341 807
339 800 340 800
340 800 341 800
341 800 342 800
342 800 343 800
343 800 343 801
341 807 342 807
342 807 343 807
343 807 343 806
343 806 343 805
343 805 343 804
343 804 343 803
343 803 343 802
343 802 343 801
343 801 344 801
344 801 345 801
345 801 346 801
346 801 347 801
347 801 348 801
348 801 349 801
349 801 350 801
350 801 351 801
351 801 352 801
352 801 353 801
353 801 354 801
354 801 355 801
355 801 356 801
356 801 356 802
356 802 357 802
357 802 358 802
358 802 358 801
358 801 359 801
359 801 360 801
360 801 361 801
361 801 362 801
362 801 363 801
363 801 364 801
364 801 365 801
365 801 366 801
366 801 367 801
367 801 368 801
368 801 368 802
368 802 368 803
381 800 380 800
380 800 379 800
379 800 378 800
378 800 377 800
377 800 377 801
377 801 377 802
377 802 377 803
377 803 377 804
377 804 377 805
368 803 369 803
369 803 370 803
370 803 371 803
371 803 372 803
372 803 373 803
373 803 374 803
374 803 375 803
375 803 376 803
376 803 377 803
377 803 377 804
377 804 377 805
377 805 378 805
378 805 379 805
379 805 380 805
380 805 381 805
381 805 382 805
382 805 383 805
383 805 384 805
384 805 385 805
385 805 386 805
386 805 387 805
387 805 388 805
388 805 388 806
388 806 387 806
387 806 387 807
387 807 387 808
387 808 388 808
388 808 389 808
389 808 390 808
390 808 391 808
391 808 392 808
392 808 393 808
393 808 393 809
393 809 394 809
394 809 394 808
394 808 394 807
394 807 394 806
394 806 394 805
394 805 394 804
394 804 395 804
395 804 396 804
396 804 397 804
397 804 398 804
398 804 399 804
399 804 400 804
400 804 401 804
401 804 402 804
402 804 403 804
403 804 404 804
404 804 405 804
405 804 406 804
406 804 407 804
407 804 407 803
407 803 407 802
407 802 407 801
412 802 412 801
407 801 408 801
408 801 409 801
409 801 410 801
410 801 411 801
411 801 412 801
412 801 413 801
413 801 414 801
414 801 415 801
415 801 416 801
416 801 417 801
417 801 418 801
418 801 419 801
419 801 420 801
420 801 421 801
421 801 422 801
422 801 423 801
423 801 424 801
424 801 425 801
425 801 426 801
426 801 427 801
427 801 427 802
427 802 427 803
427 803 427 804
427 804 427 805
427 805 427 806
427 806 427 807
427 807 427 808
427 808 428 808
428 808 429 808
429 808 430 808
430 808 431 808
431 808 432 808
432 808 433 808
433 808 434 808
434 808 435 808
435 808 436 808
436 808 437 808
437 808 438 808
438 808 438 809
438 809 437 809
437 809 437 808
437 808 437 807
437 807 437 806
437 806 437 805
437 805 437 804
437 804 438 804
438 804 439 804
439 804 440 804
440 804 441 804
441 804 442 804
442 804 443 804
443 804 444 804
444 804 445 804
445 804 445 803
445 803 445 802
445 802 445 801
452 805 453 805
453 805 454 805
454 805 455 805
455 805 455 804
455 804 455 803
455 803 455 802
455 802 455 801
455 801 455 800
445 801 446 801
446 801 447 801
447 801 448 801
448 801 449 801
449 801 450 801
450 801 451 801
451 801 452 801
452 801 453 801
453 801 454 801
454 801 455 801
455 801 455 800
455 800 456 800
456 800 457 800
457 800 457 801
457 801 458 801
458 801 459 801
459 801 460 801
460 801 461 801
461 801 462 801
462 801 463 801
463 801 463 802
463 802 463 803
463 803 463 804
463 804 463 805
463 805 464 805
464 805 465 805
465 805 466 805
466 805 467 805
467 805 468 805
468 805 469 805
469 805 470 805
470 805 470 804
470 804 470 803
470 803 470 802
470 802 471 802
471 802 472 802
472 802 473 802
473 802 474 802
474 802 475 802
475 802 476 802
476 802 477 802
477 802 478 802
478 802 479 802
479 802 480 802
480 802 481 802
481 802 482 802
482 802 483 802
483 802 483 803
483 803 483 804
483 804 483 805
483 805 483 806
483 806 483 807
483 807 483 808
483 808 483 809
483 809 484 809
484 809 485 809
485 809 486 809
486 809 487 809
487 809 488 809
488 809 489 809
489 809 490 809
490 809 491 809
491 809 492 809
492 809 493 809
493 809 494 809
494 809 495 809
495 809 496 809
496 809 497 809
497 809 498 809
498 809 499 809
499 809 500 809
500 809 501 809
501 809 502 809
502 809 503 809
503 809 503 808
503 808 503 807
503 807 504 807
504 807 505 807
505 807 506 807
506 807 507 807
507 807 508 807
508 807 509 807
509 807 510 807
510 807 511 807
511 807 512 807
512 807 513 807
513 807 513 806
513 806 513 805
513 805 514 805
514 805 515 805
515 805 516 805
516 805 517 805
517 805 518 805
518 805 519 805
519 805 520 805
520 805 521 805
521 805 522 805
522 805 523 805
523 805 524 805
524 805 525 805
525 805 526 805
526 805 526 806
539 808 539 807
539 807 539 806
539 806 539 805
539 805 539 804
526 806 527 806
527 806 528 806
528 806 529 806
529 806 530 806
530 806 531 806
531 806 532 806
532 806 533 806
533 806 534 806
534 806 535 806
535 806 536 806
536 806 537 806
537 806 538 806
538 806 539 806
539 806 539 805
539 805 539 804
539 804 540 804
540 804 541 804
541 804 542 804
542 804 543 804
543 804 544 804
544 804 545 804
545 804 545 803
545 803 545 802
545 802 545 801
545 801 545 800
545 800 546 800
546 800 547 800
547 800 548 800
548 800 549 800
549 800 550 800
550 800 551 800
551 800 552 800
552 800 553 800
553 800 554 800
554 800 555 800
555 800 556 800
556 800 557 800
557 807 558 807
558 807 558 806
558 806 558 805
557 800 558 800
558 800 558 801
558 801 558 802
558 802 558 803
558 803 558 804
558 804 558 805
558 805 559 805
559 805 560 805
560 805 561 805
561 805 562 805
562 805 563 805
563 805 564 805
564 805 565 805
565 805 565 806
565 806 565 807
565 807 565 808
565 808 565 809
565 809 566 809
566 809 567 809
567 809 568 809
573 800 572 800
572 800 571 800
571 800 570 800
570 800 569 800
569 800 569 801
569 801 569 802
569 802 569 803
568 809 569 809
569 809 570 809
570 809 570 808
570 808 570 807
569 803 570 803
570 803 570 804
570 804 570 805
570 805 570 806
570 806 570 807
570 807 571 807
571 807 572 807
572 807 573 807
573 807 574 807
574 807 575 807
575 807 576 807
576 807 577 807
577 807 578 807
578 807 579 807
579 807 580 807
580 807 581 807
581 807 582 807
582 807 583 807
583 807 584 807
584 807 585 807
585 807 586 807
586 807 587 807
587 807 588 807
588 807 588 808
595 801 596 801
596 801 597 801
597 801 598 801
598 801 599 801
599 801 600 801
600 801 601 801
601 801 601 802
601 802 601 803
601 803 601 804
601 804 601 805
601 805 601 806
601 806 601 807
588 808 589 808
589 808 590 808
590 808 591 808
591 808 592 808
592 808 593 808
593 808 594 808
594 808 595 808
595 808 596 808
596 808 597 808
597 808 598 808
598 808 599 808
599 808 600 808
600 808 601 808
601 808 601 807
601 807 602 807
602 807 603 807
603 807 604 807
604 807 605 807
605 807 606 807
606 807 607 807
607 807 607 806
607 806 607 805
607 805 608 805
608 805 609 805
609 805 610 805
610 805 611 805
611 805 612 805
612 805 612 804
612 804 612 803
612 803 612 802
612 802 613 802
613 802 614 802
614 802 615 802
615 802 616 802
616 802 617 802
617 802 618 802
618 802 619 802
619 802 620 802
620 802 621 802
621 802 621 801
621 801 621 800
621 800 622 800
622 800 623 800
623 800 624 800
624 800 625 800
625 800 625 801
625 801 625 802
625 802 625 803
625 803 625 804
625 804 626 804
626 804 627 804
627 804 628 804
628 804 629 804
629 804 630 804
630 804 631 804
631 804 632 804
632 804 633 804
633 804 634 804
634 804 635 804
635 804 635 803
635 803 635 802
635 802 635 801
642 809 643 809
643 809 644 809
644 809 644 808
644 808 644 807
644 807 644 806
644 806 644 805
644 805 644 804
644 804 644 803
644 803 644 802
635 801 636 801
636 801 637 801
637 801 638 801
638 801 639 801
639 801 640 801
640 801 641 801
641 801 642 801
642 801 643 801
643 801 644 801
644 801 644 802
644 802 645 802
645 802 646 802
646 802 646 801
657 803 656 803
656 803 655 803
655 803 654 803
654 803 654 802
654 802 654 801
646 801 647 801
647 801 648 801
648 801 649 801
649 801 650 801
650 801 651 801
651 801 652 801
652 801 653 801
653 801 654 801
654 801 654 802
654 802 654 803
654 803 654 804
654 804 654 805
654 805 654 806
654 806 654 807
654 807 655 807
655 807 656 807
656 807 657 807
657 807 658 807
658 807 659 807
659 807 660 807
660 807 661 807
661 807 662 807
662 807 663 807
663 807 664 807
664 807 665 807
665 807 666 807
666 807 667 807
667 807 668 807
668 807 669 807
669 807 670 807
670 807 671 807
671 807 672 807
672 807 673 807
673 807 674 807
674 807 674 806
674 806 674 805
674 805 674 804
674 804 674 803
674 803 674 802
674 802 674 801
674 801 674 800
674 800 675 800
675 800 676 800
676 800 677 800
677 800 678 800
678 800 679 800
679 800 680 800
680 800 681 800
681 800 682 800
682 800 682 801
682 801 682 802
682 802 682 803
679 805 680 805
680 805 681 805
681 805 682 805
682 805 682 804
682 804 682 803
682 803 683 803
683 803 684 803
684 803 685 803
685 803 686 803
686 803 687 803
687 803 687 804
687 804 688 804
688 804 689 804
689 804 690 804
690 804 691 804
691 804 692 804
692 804 693 804
693 804 694 804
694 804 695 804
695 804 696 804
696 804 697 804
697 804 698 804
698 804 699 804
699 804 700 804
700 804 701 804
701 804 702 804
702 804 703 804
703 804 704 804
704 804 704 805
704 805 705 805
705 805 706 805
706 805 707 805
707 805 708 805
708 805 709 805
709 805 710 805
710 805 711 805
711 805 712 805
712 805 713 805
713 805 714 805
714 805 715 805
715 805 715 804
715 804 715 803
715 803 715 802
715 802 715 801
719 805 718 805
718 805 717 805
717 805 717 806
717 806 717 807
715 801 716 801
716 801 717 801
717 801 717 802
717 802 717 803
717 803 717 804
717 804 717 805
717 805 717 806
717 806 717 807
717 807 718 807
718 807 719 807
719 807 720 807
720 807 720 808
720 808 721 808
721 808 722 808
722 808 723 808
723 808 724 808
724 808 725 808
725 808 726 808
726 808 727 808
727 808 728 808
728 808 729 808
729 808 730 808
730 808 730 809
739 803 738 803
738 803 737 803
737 803 736 803
736 803 735 803
735 803 734 803
734 803 733 803
730 809 731 809
731 809 732 809
732 809 733 809
733 809 733 808
733 808 733 807
733 807 733 806
733 806 733 805
733 805 733 804
733 804 733 803
733 803 732 803
732 803 731 803
731 803 730 803
730 803 729 803
729 803 728 803
728 803 727 803
727 803 727 802
727 802 727 801
727 801 727 800
727 800 727 799
727 799 727 798
727 798 727 797
727 797 727 796
727 796 727 795
727 795 727 794
727 794 727 793
727 793 727 792
727 792 727 791
727 791 727 790
727 790 727 789
727 789 727 788
727 788 727 787
727 787 727 786
727 786 727 785
727 785 727 784
727 784 727 783
727 783 727 782
727 782 727 781
727 781 727 780
727 780 727 779
727 779 727 778
727 778 727 777
727 777 727 776
727 776 727 775
727 775 727 774
727 774 727 773
727 773 727 772
727 772 727 771
727 771 727 770
727 770 727 769
727 769 727 768
727 768 727 767
727 767 727 766
727 766 727 765
727 765 727 764
727 764 727 763
727 763 727 762
727 762 727 761
727 761 727 760
727 760 727 759
727 759 727 758
727 758 727 757
727 757 727 756
727 756 727 755
727 755 727 754
727 754 727 753
727 753 727 752
727 752 727 751
727 751 727 750
727 750 727 749
727 749 727 748
727 748 727 747
727 747 727 746
727 746 727 745
727 745 727 744
727 744 727 743
727 743 727 742
727 742 727 741
727 741 727 740
727 740 727 739
727 739 727 738
727 738 727 737
727 737 727 736
727 736 727 735
727 735 727 734
727 734 727 733
727 733 727 732
727 732 727 731
727 731 727 730
727 730 727 729
727 729 727 728
727 728 727 727
727 727 727 726
727 726 727 725
727 725 727 724
727 724 727 723
727 723 727 722
727 722 727 721
727 721 727 720
727 720 727 719
727 719 727 718
727 718 727 717
727 717 727 716
727 716 727 715
727 715 727 714
727 714 727 713
727 713 727 712
727 712 727 711
727 711 727 710
727 710 727 709
727 709 727 708
727 708 727 707
727 707 727 706
727 706 727 705
727 705 727 704
727 704 727 703
727 703 727 702
727 702 727 701
727 701 727 700
727 700 727 699
727 699 727 698
727 698 727 697
727 697 727 696
727 696 727 695
727 695 727 694
727 694 727 693
727 693 727 692
727 692 727 691
727 691 727 690
727 690 727 689
727 689 727 688
727 688 727 687
727 687 727 686
727 686 727 685
727 685 727 684
727 684 727 683
727 683 727 682
727 682 727 681
727 681 727 680
727 680 727 679
727 679 727 678
727 678 727 677
727 677 727 676
727 676 727 675
727 675 727 674
727 674 727 673
727 673 727 672
727 672 727 671
727 671 727 670
727 670 727 669
727 669 727 668
727 668 727 667
727 667 727 666
727 666 727 665
727 665 727 664
727 664 727 663
727 663 727 662
727 662 727 661
727 661 727 660
727 660 727 659
727 659 727 658
727 658 727 657
727 657 727 656
727 656 727 655
727 655 727 654
727 654 727 653
727 653 727 652
727 652 727 651
727 651 727 650
727 650 727 649
727 649 727 648
727 648 727 647
727 647 727 646
727 646 727 645
727 645 727 644
727 644 727 643
727 643 727 642
727 642 727 641
727 641 727 640
727 640 727 639
727 639 727 638
727 638 727 637
727 637 727 636
727 636 727 635
727 635 727 634
727 634 727 633
727 633 727 632
727 632 727 631
727 631 727 630
727 630 727 629
727 629 727 628
727 628 727 627
727 627 727 626
727 626 727 625
727 625 727 624
727 624 727 623
727 623 727 622
727 622 727 621
727 621 727 620
727 620 727 619
727 619 727 618
727 618 727 617
727 617 727 616
727 616 727 615
727 615 727 614
727 614 727 613
727 613 727 612
727 612 727 611
727 611 727 610
727 610 727 609
727 609 727 608
727 608 727 607
727 607 727 606
727 606 727 605
727 605 727 604
727 604 727 603
727 603 727 602
727 602 727 601
727 601 727 600
727 600 727 599
727 599 727 598
727 598 727 597
727 597 727 596
727 596 727 595
727 595 727 594
727 594 727 593
727 593 727 592
727 592 727 591
727 591 727 590
727 590 727 589
727 589 727 588
727 588 727 587
727 587 727 586
727 586 727 585
727 585 727 584
727 584 727 583
727 583 727 582
727 582 727 581
727 581 727 580
727 580 727 579
727 579 727 578
727 578 727 577
727 577 727 576
727 576 727 575
727 575 727 574
727 574 727 573
727 573 727 572
727 572 727 571
727 571 727 570
727 570 727 569
727 569 727 568
727 568 727 567
727 567 727 566
727 566 727 565
727 565 727 564
727 564 727 563
727 563 727 562
727 562 727 561
727 561 727 560
727 560 727 559
727 559 727 558
727 558 727 557
727 557 727 556
727 556 727 555
727 555 727 554
727 554 727 553
727 553 727 552
727 552 727 551
727 551 727 550
727 550 727 549
727 549 727 548
727 548 727 547
727 547 727 546
727 546 727 545
727 545 727 544
727 544 727 543
727 543 727 542
727 542 727 541
727 541 727 540
727 540 727 539
727 539 727 538
727 538 727 537
727 537 727 536
727 536 727 535
727 535 727 534
727 534 727 533
727 533 727 532
727 532 727 531
727 531 727 530
727 530 727 529
727 529 727 528
727 528 727 527
727 527 727 526
727 526 727 525
727 525 727 524
727 524 727 523
727 523 727 522
727 522 727 521
727 521 727 520
727 520 727 519
727 519 727 518
727 518 727 517
727 517 727 516
727 516 727 515
727 515 727 514
727 514 727 513
727 513 727 512
727 512 727 511
727 511 727 510
727 510 727 509
727 509 727 508
727 508 727 507
727 507 727 506
727 506 727 505
727 505 727 504
727 504 727 503
727 503 727 502
727 502 727 501
727 501 727 500
727 500 727 499
727 499 727 498
727 498 727 497
727 497 727 496
727 496 727 495
727 495 727 494
727 494 727 493
727 493 727 492
727 492 727 491
727 491 727 490
727 490 727 489
727 489 727 488
727 488 727 487
727 487 727 486
727 486 727 485
727 485 727 484
727 484 727 483
727 483 727 482
727 482 727 481
727 481 727 480
727 480 727 479
727 479 727 478
727 478 727 477
727 477 727 476
727 476 727 475
727 475 727 474
727 474 727 473
727 473 727 472
727 472 727 471
727 471 727 470
727 470 727 469
727 469 727 468
727 468 727 467
727 467 727 466
727 466 727 465
727 465 727 464
727 464 727 463
727 463 727 462
727 462 727 461
727 461 727 460
727 460 727 459
727 459 727 458
727 458 727 457
727 457 727 456
727 456 727 455
727 455 727 454
727 454 727 453
727 453 727 452
727 452 727 451
727 451 727 450
727 450 727 449
727 449 727 448
727 448 727 447
727 447 727 446
727 446 727 445
727 445 727 444
727 444 727 443
727 443 727 442
727 442 727 441
727 441 727 440
727 440 727 439
727 439 727 438
727 438 727 437
727 437 727 436
727 436 727 435
727 435 727 434
727 434 727 433
727 433 727 432
727 432 727 431
727 431 727 430
727 430 727 429
727 429 727 428
727 428 727 427
727 427 727 426
727 426 727 425
727 425 727 424
727 424 727 423
727 423 727 422
727 422 727 421
727 421 727 420
727 420 727 419
727 419 727 418
727 418 727 417
727 417 727 416
727 416 727 415
727 415 727 414
727 414 727 413
727 413 727 412
727 412 727 411
727 411 727 410
727 410 727 409
727 409 727 408
727 408 727 407
727 407 727 406
727 406 727 405
727 405 727 404
727 404 727 403
727 403 727 402
727 402 727 401
727 401 727 400
727 400 727 399
727 399 727 398
727 398 727 397
727 397 727 396
727 396 727 395
727 395 727 394
727 394 727 393
727 393 727 392
727 392 727 391
727 391 727 390
727 390 727 389
727 389 727 388
727 388 727 387
727 387 727 386
727 386 727 385
727 385 727 384
727 384 727 383
727 383 727 382
727 382 727 381
727 381 727 380
727 380 727 379
727 379 727 378
727 378 727 377
727 377 727 376
727 376 727 375
727 375 727 374
727 374 727 373
727 373 727 372
727 372 727 371
727 371 727 370
727 370 727 369
727 369 727 368
727 368 727 367
727 367 727 366
727 366 727 365
727 365 727 364
727 364 727 363
727 363 727 362
727 362 727 361
727 361 727 360
727 360 727 359
727 359 727 358
727 358 727 357
727 357 727 356
727 356 727 355
727 355 727 354
727 354 727 353
727 353 727 352
727 352 727 351
727 351 727 350
727 350 727 349
727 349 727 348
727 348 727 347
727 347 727 346
727 346 727 345
727 345 727 344
727 344 727 343
727 343 727 342
727 342 727 341
727 341 727 340
727 340 727 339
727 339 727 338
727 338 727 337
727 337 727 336
727 336 727 335
727 335 727 334
727 334 727 333
727 333 727 332
727 332 727 331
727 331 727 330
727 330 727 329
727 329 727 328
727 328 727 327
727 327 727 326
727 326 727 325
727 325 727 324
727 324 727 323
727 323 727 322
727 322 727 321
727 321 727 320
727 320 727 319
727 319 727 318
727 318 727 317
727 317 727 316
727 316 727 315
727 315 727 314
727 314 727 313
727 313 727 312
727 312 727 311
727 311 727 310
727 310 727 309
727 309 727 308
727 308 727 307
727 307 727 306
727 306 727 305
727 305 727 304
727 304 727 303
727 303 727 302
727 302 727 301
727 301 727 300
727 300 727 299
727 299 727 298
727 298 727 297
727 297 727 296
727 296 727 295
727 295 727 294
727 294 727 293
727 293 727 292
727 292 727 291
727 291 727 290
727 290 727 289
727 289 727 288
727 288 727 287
727 287 727 286
727 286 727 285
727 285 727 284
727 284 727 283
727 283 727 282
727 282 727 281
727 281 727 280
727 280 727 279
727 279 727 278
727 278 727 277
727 277 727 276
727 276 727 275
727 275 727 274
727 274 727 273
727 273 727 272
727 272 727 271
727 271 727 270
727 270 727 269
727 269 727 268
727 268 727 267
727 267 727 266
727 266 727 265
727 265 727 264
727 264 727 263
727 263 727 262
727 262 727 261
727 261 727 260
727 260 727 259
727 259 727 258
727 258 727 257
727 257 727 256
727 256 727 255
727 255 727 254
727 254 727 253
727 253 727 252
727 252 727 251
727 251 727 250
727 250 727 249
727 249 727 248
727 248 727 247
727 247 727 246
727 246 727 245
727 245 727 244
727 244 727 243
727 243 727 242
727 242 727 241
727 241 727 240
727 240 727 239
727 239 727 238
727 238 727 237
727 237 727 236
727 236 727 235
727 235 727 234
727 234 727 233
727 233 727 232
727 232 727 231
727 231 727 230
727 230 727 229
727 229 727 228
727 228 727 227
727 227 727 226
727 226 727 225
727 225 727 224
727 224 727 223
727 223 727 222
727 222 727 221
727 221 727 220
727 220 727 219
727 219 727 218
727 218 727 217
727 217 727 216
727 216 727 215
727 215 727 214
727 214 727 213
727 213 727 212
727 212 727 211
727 211 727 210
727 210 727 209
561 203 560 203
560 203 560 204
528 200 529 200
529 200 530 200
530 200 530 201
530 201 530 202
530 202 530 203
530 203 530 204
372 206 371 206
371 206 370 206
370 206 369 206
369 206 368 206
368 206 367 206
367 206 366 206
366 206 366 205
334 202 333 202
333 202 333 203
333 203 333 204
333 204 333 205
323 201 324 201
324 201 324 202
157 200 156 200
156 200 156 201
156 201 156 202
156 202 156 203
16 209 17 209
17 209 18 209
18 209 19 209
19 209 20 209
20 209 21 209
21 209 22 209
22 209 23 209
23 209 24 209
24 209 24 208
24 208 24 207
24 207 24 206
24 206 24 205
24 205 24 204
24 204 24 203
24 203 25 203
25 203 26 203
26 203 27 203
27 203 28 203
28 203 29 203
29 203 30 203
30 203 30 202
30 202 31 202
31 202 31 201
31 201 31 200
31 200 32 200
32 200 33 200
33 200 34 200
33 209 34 209
34 209 34 208
34 208 34 207
34 207 34 206
34 200 34 201
34 201 34 202
34 202 34 203
34 203 34 204
34 204 34 205
34 205 34 206
28 207 29 207
29 207 30 207
30 207 31 207
31 207 32 207
32 207 33 207
33 207 34 207
34 207 34 206
34 206 35 206
35 206 36 206
36 206 37 206
37 206 38 206
38 206 39 206
39 206 40 206
40 206 41 206
41 206 42 206
42 206 43 206
43 206 44 206
44 206 45 206
45 206 46 206
46 206 47 206
47 206 48 206
48 206 49 206
49 206 50 206
50 206 50 207
50 207 50 208
68 203 69 203
69 203 69 204
69 204 69 205
69 205 69 206
69 206 69 207
69 207 69 208
69 208 69 209
50 208 51 208
51 208 52 208
52 208 53 208
53 208 54 208
54 208 55 208
55 208 56 208
56 208 57 208
57 208 58 208
58 208 59 208
59 208 60 208
60 208 61 208
61 208 62 208
62 208 63 208
63 208 64 208
64 208 65 208
65 208 66 208
66 208 67 208
67 208 68 208
68 208 69 208
69 208 69 209
69 209 70 209
70 209 71 209
71 209 72 209
72 209 73 209
73 209 74 209
74 209 75 209
75 209 76 209
76 209 77 209
77 209 78 209
78 209 79 209
79 209 80 209
80 209 81 209
81 209 82 209
82 209 82 208
82 208 82 207
82 207 83 207
83 207 84 207
84 207 85 207
85 207 86 207
86 207 86 206
86 206 86 205
86 205 86 204
86 204 86 203
86 203 86 202
86 202 86 201
86 201 87 201
87 201 88 201
88 201 89 201
89 201 90 201
90 201 91 201
91 201 92 201
92 201 93 201
93 201 94 201
94 201 95 201
95 201 96 201
96 201 97 201
97 201 98 201
98 201 99 201
99 201 100 201
100 201 101 201
101 201 102 201
102 201 102 202
102 202 102 203
102 203 102 204
102 204 103 204
103 204 104 204
104 204 105 204
105 204 106 204
106 204 107 204
107 204 108 204
108 204 109 204
109 204 110 204
110 204 110 203
110 203 110 202
110 202 110 201
110 201 111 201
111 201 112 201
112 201 113 201
113 201 114 201
114 201 115 201
115 201 116 201
116 201 117 201
117 201 118 201
118 201 119 201
119 201 120 201
120 201 121 201
121 201 122 201
122 201 123 201
123 201 123 202
123 202 124 202
124 202 125 202
125 202 126 202
126 202 127 202
127 202 128 202
128 202 129 202
129 202 130 202
130 202 131 202
131 202 132 202
132 202 133 202
133 202 134 202
134 202 135 202
135 202 136 202
136 202 137 202
137 202 138 202
138 202 139 202
139 202 140 202
140 202 141 202
141 202 142 202
142 202 143 202
143 202 143 203
143 203 143 204
143 204 143 205
156 203 156 204
143 205 144 205
144 205 145 205
145 205 146 205
146 205 147 205
147 205 148 205
148 205 149 205
149 205 150 205
150 205 151 205
151 205 152 205
152 205 153 205
153 205 154 205
154 205 155 205
155 205 156 205
156 205 156 204
156 204 157 204
157 204 158 204
158 204 159 204
159 204 160 204
160 204 161 204
161 204 162 204
162 204 163 204
163 204 164 204
164 204 165 204
165 204 166 204
166 204 167 204
167 204 168 204
168 204 169 204
169 204 169 205
169 205 169 206
169 206 169 207
169 207 169 208
169 208 169 209
169 209 170 209
170 209 171 209
171 209 171 208
173 209 173 208
171 208 172 208
172 208 173 208
173 208 174 208
174 208 175 208
175 208 176 208
176 208 177 208
177 208 177 207
177 207 177 206
187 209 186 209
186 209 185 209
185 209 184 209
184 209 184 208
184 208 184 207
184 207 184 206
184 206 184 205
184 205 184 204
184 204 184 203
184 203 184 202
184 202 184 201
177 206 178 206
178 206 179 206
179 206 180 206
180 206 181 206
181 206 182 206
182 206 183 206
183 206 184 206
184 206 184 205
184 205 184 204
184 204 184 203
184 203 184 202
184 202 184 201
184 201 185 201
185 201 186 201
186 201 187 201
187 201 188 201
188 201 189 201
189 201 190 201
190 201 191 201
191 201 192 201
192 201 193 201
193 201 194 201
194 201 195 201
195 201 196 201
196 201 196 202
196 202 196 203
196 203 196 204
196 204 196 205
196 205 196 206
204 209 203 209
203 209 203 208
203 208 203 207
203 207 203 206
203 206 203 205
196 206 197 206
197 206 198 206
198 206 199 206
199 206 200 206
200 206 201 206
201 206 202 206
202 206 203 206
203 206 203 205
203 205 204 205
204 205 205 205
205 205 206 205
206 205 207 205
207 205 208 205
208 205 209 205
209 205 210 205
210 205 211 205
211 205 212 205
212 205 213 205
213 205 214 205
214 205 215 205
215 205 216 205
216 205 217 205
217 205 217 204
217 204 217 203
217 203 217 202
217 202 217 201
217 201 218 201
218 201 219 201
219 201 220 201
220 201 221 201
221 201 222 201
222 201 222 202
222 202 222 203
222 203 222 204
222 204 222 205
222 205 222 206
222 206 222 207
222 207 222 208
222 208 222 209
231 207 230 207
230 207 229 207
229 207 229 206
229 206 229 205
222 209 223 209
223 209 224 209
224 209 225 209
225 209 226 209
226 209 227 209
227 209 228 209
228 209 229 209
229 209 229 208
229 208 229 207
229 207 229 206
229 206 229 205
229 205 230 205
230 205 231 205
231 205 232 205
232 205 233 205
233 205 234 205
234 205 235 205
235 205 236 205
236 205 237 205
237 205 238 205
238 205 238 204
238 204 238 203
238 203 238 202
233 200 234 200
234 200 235 200
235 200 236 200
236 200 237 200
237 200 238 200
238 200 238 201
238 201 238 202
244 209 243 209
243 209 242 209
242 209 242 208
242 208 242 207
238 202 239 202
239 202 240 202
240 202 240 203
242 207 241 207
241 207 240 207
240 207 240 206
240 206 240 205
240 205 240 204
240 204 240 203
250 201 249 201
249 201 248 201
248 201 248 202
248 202 248 203
240 203 241 203
241 203 242 203
242 203 243 203
243 203 244 203
244 203 245 203
245 203 246 203
246 203 247 203
247 203 248 203
248 203 249 203
249 203 250 203
250 203 251 203
251 203 252 203
252 203 253 203
253 203 254 203
254 203 255 203
255 203 255 204
255 204 256 204
256 204 257 204
257 204 258 204
258 204 258 205
258 205 258 204
258 204 258 203
258 203 258 202
258 202 259 202
259 202 260 202
260 202 261 202
261 202 262 202
262 202 263 202
263 202 264 202
264 202 264 201
264 201 264 200
264 200 265 200
265 200 266 200
266 200 267 200
267 200 268 200
268 200 269 200
269 200 270 200
270 200 271 200
271 200 272 200
272 200 273 200
273 200 272 200
272 200 272 201
272 201 272 202
272 202 272 203
272 203 272 204
272 204 271 204
271 204 270 204
270 204 270 205
270 205 270 206
270 206 270 207
270 207 271 207
271 207 272 207
272 207 273 207
273 207 274 207
274 207 275 207
275 207 276 207
276 207 277 207
277 207 278 207
282 208 283 208
283 208 283 207
278 207 279 207
279 207 280 207
280 207 281 207
281 207 282 207
282 207 283 207
283 207 284 207
284 207 285 207
285 207 286 207
286 207 287 207
287 207 288 207
288 207 289 207
289 207 290 207
290 207 291 207
291 207 292 207
292 207 292 208
294 200 294 201
294 201 294 202
292 208 293 208
293 208 294 208
294 208 295 208
295 208 296 208
296 208 297 208
297 208 297 207
294 202 295 202
295 202 296 202
296 202 297 202
297 202 297 203
297 203 297 204
297 204 297 205
297 205 297 206
297 206 297 207
324 202 325 202
325 202 326 202
326 202 326 203
326 203 326 204
326 204 326 205
326 205 326 206
326 206 326 207
297 207 298 207
298 207 299 207
299 207 300 207
300 207 301 207
301 207 302 207
302 207 303 207
303 207 304 207
304 207 305 207
305 207 306 207
306 207 307 207
307 207 308 207
308 207 309 207
309 207 310 207
310 207 311 207
311 207 312 207
312 207 313 207
313 207 314 207
314 207 315 207
315 207 316 207
316 207 317 207
317 207 318 207
318 207 319 207
319 207 320 207
320 207 321 207
321 207 322 207
322 207 323 207
323 207 324 207
324 207 325 207
325 207 326 207
326 207 327 207
327 207 328 207
328 207 329 207
333 205 333 206
333 206 333 207
333 207 333 208
329 207 330 207
330 207 331 207
331 207 332 207
332 207 333 207
333 207 333 208
333 208 334 208
334 208 335 208
335 208 336 208
336 208 337 208
337 208 338 208
338 208 339 208
339 208 340 208
340 208 341 208
341 208 342 208
342 208 343 208
343 208 344 208
344 208 345 208
345 208 345 209
345 209 346 209
346 209 347 209
347 209 347 208
347 208 347 207
347 207 347 206
347 206 347 205
347 205 348 205
348 205 349 205
349 205 350 205
350 205 351 205
351 205 352 205
352 205 353 205
353 205 353 204
353 204 353 203
353 203 353 202
353 202 353 201
353 201 353 200
353 200 354 200
354 200 355 200
355 200 356 200
356 200 357 200
357 200 358 200
358 200 359 200
359 200 360 200
360 200 361 200
366 205 367 205
367 205 368 205
368 205 369 205
369 205 369 204
369 204 369 203
369 203 369 202
369 202 369 201
361 200 362 200
362 200 363 200
363 200 364 200
364 200 365 200
365 200 366 200
366 200 367 200
367 200 368 200
368 200 369 200
369 200 369 201
369 201 370 201
370 201 371 201
371 201 372 201
372 201 373 201
373 201 374 201
374 201 375 201
375 201 376 201
376 201 376 202
376 202 377 202
377 202 378 202
378 202 379 202
379 202 380 202
380 202 381 202
381 202 382 202
382 202 383 202
383 202 384 202
384 202 385 202
385 202 386 202
386 202 387 202
387 202 388 202
388 202 389 202
389 202 390 202
390 202 391 202
391 202 392 202
392 202 393 202
393 202 394 202
394 202 395 202
395 202 396 202
396 202 397 202
397 202 398 202
398 202 399 202
399 202 400 202
400 202 401 202
401 202 402 202
402 202 403 202
403 202 404 202
404 202 405 202
405 202 406 202
406 202 407 202
407 202 408 202
408 202 409 202
409 202 409 203
409 203 408 203
408 203 408 204
408 204 408 205
408 205 408 206
408 206 408 207
408 207 408 208
408 208 408 209
408 209 409 209
409 209 410 209
410 209 411 209
411 209 412 209
412 209 413 209
413 209 414 209
414 209 415 209
415 209 416 209
416 209 417 209
417 209 418 209
418 209 419 209
419 209 420 209
420 209 421 209
421 209 422 209
422 209 423 209
423 209 424 209
424 209 425 209
425 209 426 209
426 209 427 209
427 209 428 209
428 209 429 209
429 209 430 209
430 209 431 209
431 209 431 208
431 208 431 207
431 207 432 207
432 207 433 207
433 207 434 207
434 207 435 207
435 207 436 207
436 207 436 206
436 206 436 205
436 205 436 204
436 204 437 204
437 204 438 204
438 204 439 204
439 204 439 203
439 203 439 202
439 202 440 202
440 202 441 202
441 202 442 202
442 202 443 202
443 202 444 202
444 202 445 202
445 202 446 202
446 202 447 202
447 202 448 202
448 202 449 202
449 202 450 202
450 202 451 202
451 202 451 203
451 203 451 204
451 204 451 205
451 205 451 206
451 206 451 207
451 207 452 207
452 207 453 207
453 207 454 207
454 207 455 207
455 207 456 207
456 207 457 207
457 207 458 207
458 207 459 207
459 207 460 207
460 207 461 207
461 207 462 207
462 207 463 207
463 207 464 207
464 207 465 207
465 207 466 207
466 207 467 207
467 207 468 207
468 207 469 207
469 207 470 207
470 207 471 207
471 207 472 207
472 207 473 207
473 207 474 207
474 207 475 207
475 207 476 207
476 207 477 207
477 207 478 207
478 207 479 207
479 207 480 207
480 207 481 207
481 207 482 207
482 207 483 207
483 207 484 207
484 207 484 208
484 208 485 208
485 208 486 208
486 208 487 208
487 208 488 208
488 208 489 208
489 208 490 208
490 208 491 208
491 208 492 208
492 208 492 207
492 207 492 206
502 201 502 202
492 206 493 206
493 206 494 206
494 206 495 206
495 206 496 206
496 206 497 206
497 206 498 206
498 206 499 206
499 206 500 206
500 206 501 206
501 206 502 206
502 206 502 205
502 205 502 204
502 204 502 203
502 203 502 202
502 202 503 202
503 202 504 202
504 202 505 202
505 202 506 202
506 202 507 202
507 202 508 202
508 202 508 203
508 203 508 204
508 204 508 205
508 205 508 206
508 206 508 207
508 207 508 208
508 208 508 209
508 209 509 209
509 209 510 209
510 209 511 209
511 209 512 209
512 209 513 209
513 209 514 209
514 209 515 209
515 209 516 209
516 209 517 209
517 209 518 209
530 204 529 204
529 204 529 205
529 205 529 206
518 209 519 209
519 209 520 209
520 209 521 209
521 209 522 209
522 209 523 209
523 209 524 209
524 209 525 209
525 209 526 209
526 209 527 209
527 209 528 209
528 209 529 209
529 209 529 208
529 208 529 207
529 207 529 206
529 206 530 206
530 206 531 206
531 206 532 206
532 206 533 206
533 206 534 206
534 206 535 206
535 206 536 206
536 206 537 206
537 206 538 206
538 206 539 206
539 206 540 206
540 206 541 206
541 206 542 206
542 206 543 206
543 206 544 206
544 206 545 206
545 206 546 206
546 206 547 206
553 209 553 208
553 208 553 207
553 207 553 206
553 206 553 205
547 206 548 206
548 206 549 206
549 206 550 206
550 206 551 206
551 206 552 206
552 206 553 206
553 206 553 205
560 204 559 204
559 204 559 205
559 205 559 206
553 205 554 205
554 205 555 205
555 205 556 205
556 205 557 205
557 205 558 205
558 205 559 205
559 205 559 206
559 206 560 206
560 206 561 206
561 206 562 206
562 206 563 206
563 206 564 206
564 206 565 206
565 206 566 206
566 206 567 206
567 206 567 207
567 207 567 208
567 208 567 209
567 209 568 209
568 209 569 209
569 209 570 209
570 209 571 209
571 209 572 209
572 209 573 209
573 209 574 209
574 209 575 209
575 209 576 209
576 209 577 209
577 209 578 209
578 209 579 209
579 209 579 208
579 208 579 207
579 207 579 206
579 206 579 205
579 205 580 205
580 205 580 204
580 204 581 204
581 204 582 204
582 204 583 204
583 204 584 204
584 204 585 204
585 204 586 204
586 204 587 204
587 204 588 204
588 204 589 204
589 204 590 204
590 204 591 204
591 204 591 203
591 203 591 202
591 202 591 201
591 201 592 201
592 201 593 201
593 201 594 201
594 201 595 201
595 201 596 201
596 201 597 201
597 201 598 201
598 201 599 201
599 201 600 201
600 201 601 201
601 201 602 201
602 201 603 201
603 201 604 201
604 201 605 201
605 201 606 201
606 201 607 201
607 201 608 201
608 201 609 201
609 201 609 202
618 209 619 209
619 209 619 208
619 208 619 207
619 207 619 206
619 206 619 205
619 205 619 204
619 204 619 203
619 203 619 202
609 202 610 202
610 202 611 202
611 202 612 202
612 202 613 202
613 202 614 202
614 202 615 202
615 202 616 202
616 202 617 202
617 202 618 202
618 202 619 202
619 202 620 202
620 202 621 202
621 202 622 202
622 202 622 201
622 201 622 200
622 200 623 200
623 200 624 200
624 200 625 200
625 200 626 200
626 200 627 200
627 200 628 200
628 200 629 200
629 200 630 200
630 200 630 201
630 201 630 202
630 202 630 203
630 203 629 203
629 203 629 204
629 204 629 205
629 205 629 206
629 206 629 207
629 207 630 207
630 207 631 207
631 207 632 207
632 207 633 207
633 207 633 208
633 208 633 209
636 206 636 207
633 209 634 209
634 209 635 209
635 209 636 209
636 209 636 208
636 208 636 207
636 207 637 207
637 207 638 207
638 207 639 207
639 207 640 207
640 207 641 207
641 207 642 207
642 207 643 207
643 207 644 207
644 207 645 207
645 207 646 207
646 207 647 207
647 207 648 207
648 207 649 207
649 207 650 207
650 207 651 207
651 207 652 207
652 207 652 206
652 206 652 205
652 205 653 205
653 205 654 205
654 205 654 204
657 209 656 209
656 209 655 209
655 209 654 209
654 209 654 208
654 208 654 207
654 207 654 206
654 206 654 205
654 205 654 204
654 204 654 203
654 203 654 202
649 200 650 200
650 200 651 200
651 200 652 200
652 200 653 200
653 200 654 200
654 200 654 201
654 201 654 202
680 201 679 201
679 201 679 202
679 202 679 203
654 202 655 202
655 202 656 202
656 202 657 202
657 202 658 202
658 202 659 202
659 202 660 202
660 202 661 202
661 202 662 202
662 202 663 202
663 202 664 202
664 202 665 202
665 202 666 202
666 202 667 202
667 202 668 202
668 202 669 202
669 202 670 202
670 202 671 202
671 202 672 202
672 202 673 202
673 202 674 202
674 202 675 202
675 202 676 202
676 202 677 202
677 202 678 202
678 202 679 202
679 202 679 203
679 203 680 203
680 203 681 203
681 203 682 203
682 203 683 203
683 203 684 203
684 203 685 203
685 203 686 203
686 203 687 203
687 203 688 203
688 203 689 203
689 203 690 203
690 203 691 203
691 203 692 203
692 203 693 203
693 203 694 203
694 203 695 203
695 203 696 203
696 203 697 203
697 203 698 203
698 203 698 204
698 204 698 205
698 205 699 205
699 205 700 205
700 205 701 205
701 205 702 205
702 205 703 205
703 205 704 205
704 205 705 205
705 205 706 205
706 205 707 205
707 205 707 204
707 204 707 203
707 203 707 202
707 202 707 201
727 209 726 209
726 209 725 209
725 209 725 208
725 208 725 207
725 207 725 206
707 201 708 201
708 201 709 201
709 201 710 201
710 201 711 201
711 201 712 201
712 201 713 201
713 201 714 201
714 201 715 201
715 201 716 201
716 201 717 201
717 201 718 201
718 201 719 201
719 201 720 201
720 201 721 201
721 201 722 201
722 201 723 201
723 201 724 201
724 201 725 201
725 201 725 202
725 202 725 203
725 203 725 204
725 204 725 205
725 205 725 206
729 200 728 200
728 200 728 201
728 201 728 202
728 202 728 203
725 206 726 206
726 206 727 206
727 206 728 206
728 206 728 205
728 205 728 204
728 204 728 203
732 205 733 205
733 205 733 204
733 204 733 203
728 203 729 203
729 203 730 203
730 203 731 203
731 203 732 203
732 203 733 203
733 203 734 203
734 203 735 203
735 203 735 202
735 202 735 203
735 203 735 204
735 204 735 205
735 205 735 206
735 206 735 207
735 207 735 208
735 208 736 208
736 208 736 209
755 206 756 206
756 206 756 207
756 207 756 208
756 208 756 209
736 209 737 209
737 209 738 209
738 209 739 209
739 209 740 209
740 209 741 209
741 209 742 209
742 209 743 209
743 209 744 209
744 209 745 209
745 209 746 209
746 209 747 209
747 209 748 209
748 209 749 209
749 209 750 209
750 209 751 209
751 209 752 209
752 209 753 209
753 209 754 209
754 209 755 209
755 209 756 209
764 202 763 202
763 202 762 202
762 202 761 202
761 202 760 202
760 202 759 202
759 202 759 203
759 203 759 204
756 209 757 209
757 209 758 209
759 204 758 204
758 204 758 205
758 205 758 206
758 206 758 207
758 207 758 208
758 208 758 209
758 209 759 209
759 209 760 209
760 209 761 209
761 209 762 209
762 209 763 209
763 209 764 209
764 209 765 209
765 209 766 209
766 209 767 209
767 209 768 209
768 209 769 209
769 209 770 209
770 209 771 209
771 209 772 209
772 209 773 209
773 209 774 209
774 209 775 209
775 209 776 209
776 209 776 208
776 208 777 208
777 208 778 208
778 208 779 208
779 208 780 208
780 208 781 208
781 208 782 208
782 208 783 208
783 208 784 208
784 208 785 208
785 208 786 208
786 208 787 208
787 208 788 208
788 208 789 208
789 208 790 208
790 208 791 208
791 208 792 208
792 208 792 209
792 209 793 209
793 209 794 209
794 209 794 208
794 208 794 207
794 207 794 206
790 201 791 201
791 201 792 201
792 201 793 201
793 201 793 202
794 206 793 206
793 206 793 205
793 205 793 204
793 204 793 203
793 203 793 202
793 202 794 202
794 202 795 202
795 202 796 202
796 202 797 202
797 202 798 202
798 202 799 202
799 202 800 202
800 202 801 202
801 202 802 202
802 202 803 202
803 202 804 202
804 202 804 201
806 206 807 206
807 206 808 206
808 206 808 205
808 205 808 204
804 201 805 201
805 201 806 201
806 201 807 201
807 201 808 201
808 201 808 202
808 202 808 203
808 203 808 204
813 207 814 207
814 207 814 206
814 206 814 205
814 205 814 204
814 204 814 203
808 204 809 204
809 204 810 204
810 204 811 204
811 204 812 204
812 204 813 204
813 204 814 204
814 204 814 203
817 200 817 201
817 201 817 202
817 202 817 203
817 203 817 204
817 204 817 205
814 203 815 203
815 203 816 203
816 203 817 203
817 203 817 204
817 204 817 205
817 205 818 205
818 205 819 205
819 205 820 205
820 205 821 205
821 205 821 206
826 206 825 206
825 206 825 207
821 206 822 206
822 206 823 206
823 206 824 206
824 206 825 206
825 206 825 207
825 207 826 207
826 207 827 207
827 207 828 207
828 207 829 207
829 207 830 207
830 207 831 207
831 207 832 207
832 207 832 208
833 200 834 200
834 200 835 200
835 200 835 201
835 201 835 202
835 202 835 203
832 208 833 208
833 208 834 208
834 208 835 208
835 208 835 207
835 207 835 206
835 206 835 205
835 205 835 204
835 204 835 203
835 203 836 203
836 203 837 203
837 203 838 203
838 203 838 202
838 202 838 201
842 207 843 207
843 207 844 207
844 207 845 207
845 207 845 206
845 206 845 205
845 205 845 204
845 204 845 203
845 203 845 202
838 201 839 201
839 201 840 201
840 201 841 201
841 201 842 201
842 201 843 201
843 201 844 201
844 201 845 201
845 201 845 202
845 202 846 202
846 202 847 202
847 202 848 202
848 202 848 201
848 201 848 200
848 200 849 200
849 200 850 200
850 200 850 201
850 201 850 202
850 202 850 203
850 203 850 204
850 204 850 205
850 205 850 206
850 206 850 207
850 207 850 208
850 208 851 208
851 208 852 208
852 208 853 208
853 208 854 208
854 208 855 208
855 208 856 208
856 208 856 207
856 207 856 206
856 206 856 205
866 202 867 202
867 202 867 203
867 203 867 204
867 204 867 205
867 205 867 206
867 206 867 207
856 205 857 205
857 205 858 205
858 205 859 205
859 205 860 205
860 205 861 205
861 205 862 205
862 205 863 205
863 205 864 205
864 205 865 205
865 205 866 205
866 205 867 205
867 205 867 206
867 206 867 207
867 207 868 207
868 207 869 207
869 207 870 207
870 207 871 207
871 207 872 207
872 207 873 207
873 207 874 207
874 207 875 207
875 207 876 207
876 207 877 207
877 207 878 207
878 207 879 207
879 207 879 206
879 206 879 205
879 205 880 205
880 205 880 204
880 200 880 201
880 201 880 202
880 202 880 203
880 203 880 204
880 204 881 204
881 204 882 204
882 204 883 204
883 204 884 204
884 204 885 204
885 204 885 205
885 205 886 205
886 205 887 205
887 205 888 205
888 205 888 204
888 204 889 204
889 204 889 205
889 205 889 206
889 206 890 206
890 206 891 206
891 206 891 205
891 205 892 205
892 205 893 205
893 205 894 205
894 205 895 205
895 205 896 205
896 205 897 205
897 205 898 205
898 205 899 205
899 205 900 205
900 205 901 205
901 205 902 205
902 205 903 205
903 205 904 205
904 205 904 204
904 204 905 204
905 204 906 204
906 204 907 204
907 204 908 204
908 204 909 204
909 204 910 204
910 204 911 204
911 204 912 204
912 204 913 204
913 204 914 204
914 204 915 204
915 204 915 203
915 203 915 202
915 202 915 201
915 201 915 200
915 200 916 200
916 200 917 200
917 200 918 200
918 200 919 200
919 200 920 200
920 200 921 200
921 200 922 200
922 200 923 200
923 200 924 200
924 200 925 200
925 200 926 200
926 200 927 200
927 200 927 201
927 201 927 202
927 202 928 202
928 202 929 202
929 202 930 202
930 202 931 202
931 202 932 202
932 202 933 202
933 202 933 203
929 209 930 209
930 209 931 209
931 209 932 209
932 209 933 209
933 209 934 209
934 209 935 209
935 209 936 209
936 209 937 209
933 203 934 203
934 203 935 203
935 203 936 203
936 203 936 204
937 209 936 209
936 209 936 208
936 208 936 207
936 207 936 206
936 206 936 205
936 205 936 204
936 204 937 204
937 204 937 203
937 203 937 202
937 202 937 201
937 201 937 200
951 200 950 200
950 200 949 200
949 200 948 200
948 200 947 200
947 200 946 200
946 200 946 201
937 200 938 200
938 200 939 200
939 200 940 200
940 200 941 200
941 200 942 200
942 200 943 200
943 200 944 200
944 200 945 200
945 200 946 200
946 200 946 201
