200 200 199 200
199 200 199 199
199 199 198 199
198 199 198 198
198 198 197 198
197 198 197 197
197 197 196 197
196 197 196 196
196 196 195 196
195 196 195 195
195 195 194 195
194 195 194 194
194 194 193 194
193 194 193 193
193 193 192 193
192 193 192 192
192 192 191 192
191 192 191 191
191 191 190 191
190 191 190 190
190 190 189 190
189 190 189 189
189 189 188 189
188 189 188 188
188 188 187 188
187 188 187 187
187 187 186 187
186 187 186 186
186 186 185 186
185 186 185 185
185 185 184 185
184 185 184 184
184 184 183 184
183 184 183 183
183 183 182 183
182 183 182 182
182 182 181 182
181 182 181 181
181 181 180 181
180 181 180 180
180 180 179 180
179 180 179 179
179 179 178 179
178 179 178 178
178 178 177 178
177 178 177 177
177 177 176 177
176 177 176 176
176 176 175 176
175 176 175 175
175 175 174 175
174 175 174 174
174 174 173 174
173 174 173 173
173 173 172 173
172 173 172 172
172 172 171 172
171 172 171 171
171 171 170 171
170 171 170 170
170 170 169 170
169 170 169 169
169 169 168 169
168 169 168 168
168 168 167 168
167 168 167 167
167 167 166 167
166 167 166 166
166 166 165 166
165 166 165 165
165 165 164 165
164 165 164 164
164 164 163 164
163 164 163 163
163 163 162 163
162 163 162 162
162 162 161 162
161 162 161 161
161 161 160 161
160 161 160 160
160 160 159 160
159 160 159 159
159 159 158 159
158 159 158 158
158 158 157 158
157 158 157 157
157 157 156 157
156 157 156 156
156 156 155 156
155 156 155 155
155 155 154 155
154 155 154 154
154 154 153 154
153 154 153 153
153 153 152 153
152 153 152 152
152 152 151 152
151 152 151 151
151 151 150 151
150 151 150 150
150 150 149 150
149 150 149 149
149 149 148 149
148 149 148 148
148 148 147 148
147 148 147 147
147 147 146 147
146 147 146 146
146 146 145 146
145 146 145 145
145 145 144 145
144 145 144 144
144 144 143 144
143 144 143 143
143 143 142 143
142 143 142 142
142 142 141 142
141 142 141 141
141 141 140 141
140 141 140 140
140 140 139 140
139 140 139 139
139 139 138 139
138 139 138 138
138 138 137 138
137 138 137 137
137 137 136 137
136 137 136 136
136 136 135 136
135 136 135 135
135 135 134 135
134 135 134 134
134 134 133 134
133 134 133 133
133 133 132 133
132 133 132 132
132 132 131 132
131 132 131 131
131 131 130 131
130 131 130 130
130 130 129 130
129 130 129 129
129 129 128 129
128 129 128 128
128 128 127 128
127 128 127 127
127 127 126 127
126 127 126 126
126 126 125 126
125 126 125 125
125 125 124 125
124 125 124 124
124 124 123 124
123 124 123 123
123 123 122 123
122 123 122 122
122 122 121 122
121 122 121 121
121 121 120 121
120 121 120 120
120 120 119 120
119 120 119 119
119 119 118 119
118 119 118 118
118 118 117 118
117 118 117 117
117 117 116 117
116 117 116 116
116 116 115 116
115 116 115 115
115 115 114 115
114 115 114 114
114 114 113 114
113 114 113 113
113 113 112 113
112 113 112 112
112 112 111 112
111 112 111 111
111 111 110 111
110 111 110 110
110 110 109 110
109 110 109 109
109 109 108 109
108 109 108 108
108 108 107 108
107 108 107 107
107 107 106 107
106 107 106 106
106 106 105 106
105 106 105 105
105 105 104 105
104 105 104 104
104 104 103 104
103 104 103 103
103 103 102 103
102 103 102 102
102 102 101 102
101 102 101 101
200 1 199 1
199 1 199 2
199 2 198 2
198 2 198 3
198 3 197 3
197 3 197 4
197 4 196 4
196 4 196 5
196 5 195 5
195 5 195 6
195 6 194 6
194 6 194 7
194 7 193 7
193 7 193 8
193 8 192 8
192 8 192 9
192 9 191 9
191 9 191 10
191 10 190 10
190 10 190 11
190 11 189 11
189 11 189 12
189 12 188 12
188 12 188 13
188 13 187 13
187 13 187 14
187 14 186 14
186 14 186 15
186 15 185 15
185 15 185 16
185 16 184 16
184 16 184 17
184 17 183 17
183 17 183 18
183 18 182 18
182 18 182 19
182 19 181 19
181 19 181 20
181 20 180 20
180 20 180 21
180 21 179 21
179 21 179 22
179 22 178 22
178 22 178 23
178 23 177 23
177 23 177 24
177 24 176 24
176 24 176 25
176 25 175 25
175 25 175 26
175 26 174 26
174 26 174 27
174 27 173 27
173 27 173 28
173 28 172 28
172 28 172 29
172 29 171 29
171 29 171 30
171 30 170 30
170 30 170 31
170 31 169 31
169 31 169 32
169 32 168 32
168 32 168 33
168 33 167 33
167 33 167 34
167 34 166 34
166 34 166 35
166 35 165 35
165 35 165 36
165 36 164 36
164 36 164 37
164 37 163 37
163 37 163 38
163 38 162 38
162 38 162 39
162 39 161 39
161 39 161 40
161 40 160 40
160 40 160 41
160 41 159 41
159 41 159 42
159 42 158 42
158 42 158 43
158 43 157 43
157 43 157 44
157 44 156 44
156 44 156 45
156 45 155 45
155 45 155 46
155 46 154 46
154 46 154 47
154 47 153 47
153 47 153 48
153 48 152 48
152 48 152 49
152 49 151 49
151 49 151 50
151 50 150 50
150 50 150 51
150 51 149 51
149 51 149 52
149 52 148 52
148 52 148 53
148 53 147 53
147 53 147 54
147 54 146 54
146 54 146 55
146 55 145 55
145 55 145 56
145 56 144 56
144 56 144 57
144 57 143 57
143 57 143 58
143 58 142 58
142 58 142 59
142 59 141 59
141 59 141 60
141 60 140 60
140 60 140 61
140 61 139 61
139 61 139 62
139 62 138 62
138 62 138 63
138 63 137 63
137 63 137 64
137 64 136 64
136 64 136 65
136 65 135 65
135 65 135 66
135 66 134 66
134 66 134 67
134 67 133 67
133 67 133 68
133 68 132 68
132 68 132 69
132 69 131 69
131 69 131 70
131 70 130 70
130 70 130 71
130 71 129 71
129 71 129 72
129 72 128 72
128 72 128 73
128 73 127 73
127 73 127 74
127 74 126 74
126 74 126 75
126 75 125 75
125 75 125 76
125 76 124 76
124 76 124 77
124 77 123 77
123 77 123 78
123 78 122 78
122 78 122 79
122 79 121 79
121 79 121 80
121 80 120 80
120 80 120 81
120 81 119 81
119 81 119 82
119 82 118 82
118 82 118 83
118 83 117 83
117 83 117 84
117 84 116 84
116 84 116 85
116 85 115 85
115 85 115 86
115 86 114 86
114 86 114 87
114 87 113 87
113 87 113 88
113 88 112 88
112 88 112 89
112 89 111 89
111 89 111 90
111 90 110 90
110 90 110 91
110 91 109 91
109 91 109 92
109 92 108 92
108 92 108 93
108 93 107 93
107 93 107 94
107 94 106 94
106 94 106 95
106 95 105 95
105 95 105 96
105 96 104 96
104 96 104 97
104 97 103 97
103 97 103 98
103 98 102 98
102 98 102 99
101 101 101 100
102 99 101 99
101 99 101 100
1 200 2 200
2 200 2 199
2 199 3 199
3 199 3 198
3 198 4 198
4 198 4 197
4 197 5 197
5 197 5 196
5 196 6 196
6 196 6 195
6 195 7 195
7 195 7 194
7 194 8 194
8 194 8 193
8 193 9 193
9 193 9 192
9 192 10 192
10 192 10 191
10 191 11 191
11 191 11 190
11 190 12 190
12 190 12 189
12 189 13 189
13 189 13 188
13 188 14 188
14 188 14 187
14 187 15 187
15 187 15 186
15 186 16 186
16 186 16 185
16 185 17 185
17 185 17 184
17 184 18 184
18 184 18 183
18 183 19 183
19 183 19 182
19 182 20 182
20 182 20 181
20 181 21 181
21 181 21 180
21 180 22 180
22 180 22 179
22 179 23 179
23 179 23 178
23 178 24 178
24 178 24 177
24 177 25 177
25 177 25 176
25 176 26 176
26 176 26 175
26 175 27 175
27 175 27 174
27 174 28 174
28 174 28 173
28 173 29 173
29 173 29 172
29 172 30 172
30 172 30 171
30 171 31 171
31 171 31 170
31 170 32 170
32 170 32 169
32 169 33 169
33 169 33 168
33 168 34 168
34 168 34 167
34 167 35 167
35 167 35 166
35 166 36 166
36 166 36 165
36 165 37 165
37 165 37 164
37 164 38 164
38 164 38 163
38 163 39 163
39 163 39 162
39 162 40 162
40 162 40 161
40 161 41 161
41 161 41 160
41 160 42 160
42 160 42 159
42 159 43 159
43 159 43 158
43 158 44 158
44 158 44 157
44 157 45 157
45 157 45 156
45 156 46 156
46 156 46 155
46 155 47 155
47 155 47 154
47 154 48 154
48 154 48 153
48 153 49 153
49 153 49 152
49 152 50 152
50 152 50 151
50 151 51 151
51 151 51 150
51 150 52 150
52 150 52 149
52 149 53 149
53 149 53 148
53 148 54 148
54 148 54 147
54 147 55 147
55 147 55 146
55 146 56 146
56 146 56 145
56 145 57 145
57 145 57 144
57 144 58 144
58 144 58 143
58 143 59 143
59 143 59 142
59 142 60 142
60 142 60 141
60 141 61 141
61 141 61 140
61 140 62 140
62 140 62 139
62 139 63 139
63 139 63 138
63 138 64 138
64 138 64 137
64 137 65 137
65 137 65 136
65 136 66 136
66 136 66 135
66 135 67 135
67 135 67 134
67 134 68 134
68 134 68 133
68 133 69 133
69 133 69 132
69 132 70 132
70 132 70 131
70 131 71 131
71 131 71 130
71 130 72 130
72 130 72 129
72 129 73 129
73 129 73 128
73 128 74 128
74 128 74 127
74 127 75 127
75 127 75 126
75 126 76 126
76 126 76 125
76 125 77 125
77 125 77 124
77 124 78 124
78 124 78 123
78 123 79 123
79 123 79 122
79 122 80 122
80 122 80 121
80 121 81 121
81 121 81 120
81 120 82 120
82 120 82 119
82 119 83 119
83 119 83 118
83 118 84 118
84 118 84 117
84 117 85 117
85 117 85 116
85 116 86 116
86 116 86 115
86 115 87 115
87 115 87 114
87 114 88 114
88 114 88 113
88 113 89 113
89 113 89 112
89 112 90 112
90 112 90 111
90 111 91 111
91 111 91 110
91 110 92 110
92 110 92 109
92 109 93 109
93 109 93 108
93 108 94 108
94 108 94 107
94 107 95 107
95 107 95 106
95 106 96 106
96 106 96 105
96 105 97 105
97 105 97 104
97 104 98 104
98 104 98 103
98 103 99 103
99 103 99 102
99 102 100 102
100 102 100 101
101 100 100 100
100 101 100 100
100 100 99 100
99 100 99 99
99 99 98 99
98 99 98 98
98 98 97 98
97 98 97 97
97 97 96 97
96 97 96 96
96 96 95 96
95 96 95 95
95 95 94 95
94 95 94 94
94 94 93 94
93 94 93 93
93 93 92 93
92 93 92 92
92 92 91 92
91 92 91 91
91 91 90 91
90 91 90 90
90 90 89 90
89 90 89 89
89 89 88 89
88 89 88 88
88 88 87 88
87 88 87 87
87 87 86 87
86 87 86 86
86 86 85 86
85 86 85 85
85 85 84 85
84 85 84 84
84 84 83 84
83 84 83 83
83 83 82 83
82 83 82 82
82 82 81 82
81 82 81 81
81 81 80 81
80 81 80 80
80 80 79 80
79 80 79 79
79 79 78 79
78 79 78 78
78 78 77 78
77 78 77 77
77 77 76 77
76 77 76 76
76 76 75 76
75 76 75 75
75 75 74 75
74 75 74 74
74 74 73 74
73 74 73 73
73 73 72 73
72 73 72 72
72 72 71 72
71 72 71 71
71 71 70 71
70 71 70 70
70 70 69 70
69 70 69 69
69 69 68 69
68 69 68 68
68 68 67 68
67 68 67 67
67 67 66 67
66 67 66 66
66 66 65 66
65 66 65 65
65 65 64 65
64 65 64 64
64 64 63 64
63 64 63 63
63 63 62 63
62 63 62 62
62 62 61 62
61 62 61 61
61 61 60 61
60 61 60 60
60 60 59 60
59 60 59 59
59 59 58 59
58 59 58 58
58 58 57 58
57 58 57 57
57 57 56 57
56 57 56 56
56 56 55 56
55 56 55 55
55 55 54 55
54 55 54 54
54 54 53 54
53 54 53 53
53 53 52 53
52 53 52 52
52 52 51 52
51 52 51 51
51 51 50 51
50 51 50 50
50 50 49 50
49 50 49 49
49 49 48 49
48 49 48 48
48 48 47 48
47 48 47 47
47 47 46 47
46 47 46 46
46 46 45 46
45 46 45 45
45 45 44 45
44 45 44 44
44 44 43 44
43 44 43 43
43 43 42 43
42 43 42 42
42 42 41 42
41 42 41 41
41 41 40 41
40 41 40 40
40 40 39 40
39 40 39 39
39 39 38 39
38 39 38 38
38 38 37 38
37 38 37 37
37 37 36 37
36 37 36 36
36 36 35 36
35 36 35 35
35 35 34 35
34 35 34 34
34 34 33 34
33 34 33 33
33 33 32 33
32 33 32 32
32 32 31 32
31 32 31 31
31 31 30 31
30 31 30 30
30 30 29 30
29 30 29 29
29 29 28 29
28 29 28 28
28 28 27 28
27 28 27 27
27 27 26 27
26 27 26 26
26 26 25 26
25 26 25 25
25 25 24 25
24 25 24 24
24 24 23 24
23 24 23 23
23 23 22 23
22 23 22 22
22 22 21 22
21 22 21 21
21 21 20 21
20 21 20 20
20 20 19 20
19 20 19 19
19 19 18 19
18 19 18 18
18 18 17 18
17 18 17 17
17 17 16 17
16 17 16 16
16 16 15 16
15 16 15 15
15 15 14 15
14 15 14 14
14 14 13 14
13 14 13 13
13 13 12 13
12 13 12 12
12 12 11 12
11 12 11 11
11 11 10 11
10 11 10 10
10 10 9 10
9 10 9 9
9 9 8 9
8 9 8 8
8 8 7 8
7 8 7 7
7 7 6 7
6 7 6 6
6 6 5 6
5 6 5 5
5 5 4 5
4 5 4 4
4 4 3 4
3 4 3 3
3 3 2 3
2 3 2 2
2 2 1 2
1 2 1 1
