18 4 19 4
19 4 19 5
19 5 19 6
19 6 19 7
19 7 19 8
19 8 19 9
2 27 3 27
3 27 3 26
3 26 3 25
3 25 3 24
3 24 3 23
3 23 3 22
3 22 3 21
3 21 3 20
3 20 3 19
3 19 3 18
1 15 2 15
2 15 3 15
3 18 3 17
3 17 3 16
3 16 3 15
3 15 3 14
3 14 3 13
3 13 4 13
4 13 5 13
5 13 6 13
6 13 7 13
7 13 8 13
8 13 8 12
8 12 8 11
8 11 8 10
26 30 25 30
25 30 24 30
24 30 23 30
23 27 23 28
23 30 23 29
23 29 23 28
23 28 22 28
22 28 21 28
21 28 20 28
20 28 19 28
19 28 18 28
18 28 17 28
17 28 17 29
17 29 16 29
16 29 15 29
15 29 14 29
14 29 13 29
13 29 12 29
12 29 12 30
12 30 11 30
11 30 11 29
11 29 11 28
11 28 11 27
11 27 11 26
11 26 11 25
11 25 12 25
12 25 12 24
12 24 12 23
12 23 12 22
12 22 12 21
12 21 12 20
12 20 12 19
12 19 11 19
11 19 11 18
11 18 11 17
11 17 11 16
8 10 9 10
9 10 10 10
10 10 11 10
11 16 11 15
11 15 11 14
11 14 11 13
11 13 11 12
11 12 11 11
11 11 11 10
19 9 20 9
20 9 20 10
11 10 12 10
12 10 13 10
13 10 14 10
14 10 15 10
15 10 16 10
16 10 17 10
17 10 18 10
18 10 19 10
19 10 20 10
27 19 26 19
26 19 25 19
25 19 24 19
24 19 24 18
24 18 24 17
24 17 23 17
23 17 22 17
21 19 22 19
22 19 22 18
22 18 22 17
22 17 22 16
22 16 22 15
22 15 22 14
22 14 22 13
20 10 21 10
21 10 22 10
22 13 22 12
22 12 22 11
22 11 22 10
22 10 23 10
23 10 24 10
24 10 25 10
25 10 25 9
25 9 25 8
25 8 25 7
23 2 24 2
24 2 25 2
25 2 25 3
25 3 25 4
25 4 25 5
25 5 25 6
25 6 25 7
25 7 26 7
26 7 27 7
27 7 28 7
28 7 29 7
29 7 30 7
30 7 30 6
30 6 30 5
30 5 30 4
