506 75 507 75
507 75 508 75
508 75 508 74
508 74 508 73
508 73 508 72
508 72 508 71
508 71 508 70
508 70 508 69
508 69 508 68
508 68 508 67
508 67 508 66
508 66 508 65
508 65 507 65
507 65 507 64
507 64 507 63
507 63 507 62
507 62 507 61
507 61 507 60
507 60 507 59
507 59 507 58
507 58 507 57
507 57 507 56
507 56 507 55
507 55 506 55
506 55 506 54
506 54 506 53
506 53 506 52
506 52 506 51
506 51 506 50
506 50 506 49
506 49 506 48
506 48 506 47
506 47 506 46
506 46 506 45
506 45 506 44
506 44 506 43
506 43 506 42
506 42 506 41
506 41 506 40
506 40 506 39
506 39 506 38
506 38 506 37
506 37 506 36
506 36 506 35
506 35 505 35
505 35 505 34
505 34 505 33
505 33 505 32
505 32 505 31
505 31 505 30
505 30 505 29
505 29 505 28
505 28 505 27
505 27 505 26
505 26 505 25
509 15 508 15
508 15 507 15
507 15 506 15
506 15 505 15
505 15 505 16
505 16 505 17
505 17 505 18
505 18 505 19
505 19 505 20
505 20 505 21
505 21 505 22
505 22 505 23
505 23 505 24
505 24 505 25
507 125 506 125
506 125 505 125
505 125 505 126
505 126 505 127
505 127 505 128
505 128 505 129
505 129 505 130
505 130 505 131
505 131 505 132
505 132 505 133
505 133 505 134
505 134 505 135
507 155 506 155
506 155 505 155
505 155 504 155
504 155 504 156
504 156 504 157
504 157 504 158
504 158 504 159
504 159 504 160
504 160 504 161
504 161 504 162
504 162 504 163
504 163 504 164
504 164 504 165
510 215 509 215
509 215 508 215
508 215 508 214
508 214 508 213
508 213 508 212
508 212 508 211
508 211 508 210
508 210 508 209
508 209 508 208
508 208 508 207
508 207 508 206
508 206 508 205
508 205 507 205
507 205 507 204
507 204 507 203
507 203 507 202
507 202 507 201
507 201 507 200
507 200 507 199
507 199 507 198
507 198 507 197
507 197 507 196
507 196 507 195
507 195 506 195
506 195 505 195
505 195 504 195
504 195 503 195
503 195 503 194
503 194 503 193
503 193 503 192
503 192 503 191
503 191 503 190
503 190 503 189
503 189 503 188
503 188 503 187
503 187 503 186
503 186 503 185
510 365 509 365
509 365 508 365
508 365 507 365
507 365 506 365
506 365 506 366
506 366 506 367
506 367 506 368
506 368 506 369
506 369 506 370
506 370 506 371
506 371 506 372
506 372 506 373
506 373 506 374
506 374 506 375
490 505 491 505
491 505 492 505
492 505 493 505
493 505 494 505
494 505 494 504
494 504 494 503
494 503 494 502
494 502 494 501
494 501 494 500
494 500 494 499
494 499 494 498
494 498 494 497
494 497 494 496
494 496 494 495
510 505 509 505
509 505 508 505
508 505 507 505
507 505 506 505
506 505 506 504
506 504 506 503
506 503 506 502
506 502 506 501
506 501 506 500
506 500 506 499
506 499 506 498
506 498 506 497
506 497 506 496
506 496 506 495
507 455 508 455
508 455 508 456
508 456 508 457
508 457 508 458
508 458 508 459
508 459 508 460
508 460 508 461
508 461 508 462
508 462 508 463
508 463 508 464
508 464 508 465
508 465 507 465
507 465 507 466
507 466 507 467
507 467 507 468
507 468 507 469
507 469 507 470
507 470 507 471
507 471 507 472
507 472 507 473
507 473 507 474
507 474 507 475
506 495 506 494
506 494 506 493
506 493 506 492
506 492 506 491
506 491 506 490
506 490 506 489
506 489 506 488
506 488 506 487
506 487 506 486
506 486 506 485
507 475 506 475
506 475 506 476
506 476 506 477
506 477 506 478
506 478 506 479
506 479 506 480
506 480 506 481
506 481 506 482
506 482 506 483
506 483 506 484
506 484 506 485
494 495 494 494
494 494 494 493
494 493 494 492
494 492 494 491
494 491 494 490
494 490 494 489
494 489 494 488
494 488 494 487
494 487 494 486
494 486 494 485
506 485 505 485
505 485 504 485
504 485 503 485
503 485 502 485
502 485 501 485
501 485 500 485
500 485 499 485
499 485 498 485
498 485 497 485
497 485 496 485
496 485 495 485
495 485 494 485
494 485 493 485
493 485 493 484
493 484 493 483
493 483 493 482
493 482 493 481
493 481 493 480
493 480 493 479
493 479 493 478
493 478 493 477
493 477 493 476
493 476 493 475
493 475 492 475
492 475 492 474
492 474 492 473
492 473 492 472
492 472 492 471
492 471 492 470
492 470 492 469
492 469 492 468
492 468 492 467
492 467 492 466
492 466 492 465
492 465 493 465
493 465 493 464
493 464 493 463
493 463 493 462
493 462 493 461
493 461 493 460
493 460 493 459
493 459 493 458
493 458 493 457
493 457 493 456
493 456 493 455
503 445 502 445
502 445 501 445
501 445 500 445
500 445 499 445
499 445 498 445
498 445 497 445
493 455 494 455
494 455 495 455
495 455 496 455
496 455 497 455
497 455 497 454
497 454 497 453
497 453 497 452
497 452 497 451
497 451 497 450
497 450 497 449
497 449 497 448
497 448 497 447
497 447 497 446
497 446 497 445
503 435 502 435
502 435 501 435
501 435 500 435
500 435 499 435
499 435 498 435
498 435 497 435
497 445 497 444
497 444 497 443
497 443 497 442
497 442 497 441
497 441 497 440
497 440 497 439
497 439 497 438
497 438 497 437
497 437 497 436
497 436 497 435
490 425 491 425
491 425 492 425
492 425 493 425
493 425 494 425
494 425 495 425
495 425 496 425
496 425 497 425
497 425 498 425
498 425 499 425
510 425 509 425
509 425 508 425
508 425 507 425
507 425 506 425
506 425 505 425
505 425 504 425
504 425 503 425
503 425 502 425
502 425 501 425
501 425 500 425
500 425 499 425
497 435 498 435
498 435 499 435
499 435 499 434
499 434 499 433
499 433 499 432
499 432 499 431
499 431 499 430
499 430 499 429
499 429 499 428
499 428 499 427
499 427 499 426
499 426 499 425
502 415 501 415
501 415 500 415
500 415 499 415
499 415 498 415
499 425 498 425
498 425 498 424
498 424 498 423
498 423 498 422
498 422 498 421
498 421 498 420
498 420 498 419
498 419 498 418
498 418 498 417
498 417 498 416
498 416 498 415
498 415 498 414
498 414 498 413
498 413 498 412
498 412 498 411
498 411 498 410
498 410 498 409
498 409 498 408
498 408 498 407
498 407 498 406
498 406 498 405
498 405 499 405
499 405 500 405
500 405 501 405
501 405 502 405
502 405 503 405
503 405 504 405
504 405 505 405
505 405 506 405
506 405 507 405
507 405 508 405
508 405 508 404
508 404 508 403
508 403 508 402
508 402 508 401
508 401 508 400
508 400 508 399
508 399 508 398
508 398 509 398
509 398 510 398
510 398 510 397
510 397 510 396
510 396 510 395
506 375 505 375
505 375 505 376
505 376 505 377
505 377 505 378
505 378 505 379
505 379 505 380
505 380 505 381
505 381 505 382
505 382 505 383
505 383 505 384
505 384 505 385
510 395 509 395
509 395 508 395
508 395 507 395
507 395 506 395
506 395 505 395
505 395 505 394
505 394 505 393
505 393 505 392
505 392 505 391
505 391 505 390
505 390 505 389
505 389 505 388
505 388 505 387
505 387 505 386
505 386 505 385
505 385 504 385
504 385 503 385
503 385 502 385
502 385 501 385
501 385 500 385
500 385 499 385
499 385 498 385
498 385 497 385
497 385 496 385
496 385 495 385
490 395 491 395
491 395 492 395
492 395 493 395
493 395 494 395
494 395 495 395
495 395 495 394
495 394 495 393
495 393 495 392
495 392 495 391
495 391 495 390
495 390 495 389
495 389 495 388
495 388 495 387
495 387 495 386
495 386 495 385
495 385 494 385
494 385 494 384
494 384 494 383
494 383 494 382
494 382 494 381
494 381 494 380
494 380 494 379
494 379 494 378
494 378 494 377
494 377 494 376
494 376 494 375
494 375 493 375
493 375 492 375
492 375 491 375
491 375 490 375
490 375 490 374
490 374 490 373
490 373 490 372
490 372 490 371
490 371 490 370
490 370 490 369
490 369 490 368
490 368 490 367
490 367 490 366
490 366 490 365
503 355 502 355
502 355 501 355
501 355 500 355
500 355 499 355
499 355 498 355
498 355 497 355
490 365 491 365
491 365 492 365
492 365 493 365
493 365 494 365
494 365 495 365
495 365 496 365
496 365 497 365
497 365 497 364
497 364 497 363
497 363 497 362
497 362 497 361
497 361 497 360
497 360 497 359
497 359 497 358
497 358 497 357
497 357 497 356
497 356 497 355
497 355 498 355
498 355 498 354
498 354 498 353
498 353 498 352
498 352 498 351
498 351 498 350
498 350 498 349
498 349 498 348
498 348 498 347
498 347 498 346
498 346 498 345
498 345 499 345
499 345 500 345
500 345 501 345
501 345 502 345
509 335 508 335
508 335 507 335
507 335 506 335
506 335 505 335
505 335 504 335
504 335 503 335
502 345 503 345
503 345 503 344
503 344 503 343
503 343 503 342
503 342 503 341
503 341 503 340
503 340 503 339
503 339 503 338
503 338 503 337
503 337 503 336
503 336 503 335
491 335 492 335
492 335 493 335
493 335 494 335
494 335 495 335
495 335 496 335
496 335 497 335
497 335 498 335
498 335 499 335
499 335 500 335
500 335 501 335
501 335 502 335
502 335 503 335
498 325 499 325
499 325 500 325
500 325 501 325
501 325 502 325
503 335 502 335
502 335 502 334
502 334 502 333
502 333 502 332
502 332 502 331
502 331 502 330
502 330 502 329
502 329 502 328
502 328 502 327
502 327 502 326
502 326 502 325
502 325 501 325
501 325 501 324
501 324 501 323
501 323 501 322
501 322 501 321
501 321 501 320
501 320 501 319
501 319 501 318
501 318 501 317
501 317 501 316
501 316 501 315
501 315 500 315
500 315 499 315
499 315 498 315
498 315 497 315
497 315 496 315
496 315 495 315
495 315 494 315
494 315 493 315
493 315 492 315
492 315 491 315
491 315 491 314
491 314 491 313
491 313 491 312
491 312 491 311
491 311 491 310
491 310 491 309
491 309 491 308
491 308 491 307
491 307 491 306
491 306 491 305
491 305 490 305
490 305 490 304
490 304 490 303
490 303 490 302
490 302 490 301
490 301 490 300
490 300 490 299
490 299 490 298
490 298 490 297
490 297 490 296
490 296 490 295
490 295 491 295
491 295 492 295
492 295 493 295
493 295 493 294
493 294 493 293
493 293 493 292
493 292 493 291
493 291 493 290
493 290 493 289
493 289 493 288
493 288 493 287
493 287 493 286
493 286 493 285
493 285 493 284
493 284 493 283
493 283 493 282
493 282 493 281
493 281 493 280
493 280 493 279
493 279 493 278
493 278 493 277
493 277 493 276
493 276 493 275
493 275 493 274
493 274 493 273
493 273 493 272
493 272 493 271
493 271 493 270
493 270 493 269
493 269 493 268
493 268 493 267
493 267 493 266
493 266 493 265
509 305 510 305
510 305 510 304
510 304 510 303
510 303 510 302
510 302 510 301
510 301 510 300
510 300 510 299
510 299 510 298
510 298 510 297
510 297 510 296
510 296 510 295
510 295 509 295
509 295 508 295
508 295 507 295
507 295 507 294
507 294 507 293
507 293 507 292
507 292 507 291
507 291 507 290
507 290 507 289
507 289 507 288
507 288 507 287
507 287 507 286
507 286 507 285
507 285 508 285
508 285 508 284
508 284 508 283
508 283 508 282
508 282 508 281
508 281 508 280
508 280 507 280
507 280 507 279
507 279 507 278
507 278 507 277
507 277 507 276
507 276 507 275
507 275 507 274
507 274 507 273
507 273 507 272
507 272 507 271
507 271 507 270
507 270 507 269
507 269 507 268
507 268 507 267
507 267 507 266
507 266 507 265
507 265 506 265
506 265 506 264
506 264 506 263
506 263 506 262
506 262 506 261
506 261 506 260
506 260 506 259
506 259 506 258
506 258 506 257
506 257 506 256
506 256 506 255
493 265 494 265
494 265 494 264
494 264 494 263
494 263 494 262
494 262 494 261
494 261 494 260
494 260 494 259
494 259 494 258
494 258 494 257
494 257 494 256
494 256 494 255
506 255 505 255
505 255 504 255
504 255 503 255
503 255 502 255
502 255 501 255
501 255 500 255
500 255 499 255
499 255 498 255
498 255 497 255
497 255 496 255
496 255 495 255
495 255 494 255
502 245 501 245
501 245 500 245
500 245 499 245
499 245 498 245
494 255 495 255
495 255 496 255
496 255 497 255
497 255 498 255
498 255 498 254
498 254 498 253
498 253 498 252
498 252 498 251
498 251 498 250
498 250 498 249
498 249 498 248
498 248 498 247
498 247 498 246
498 246 498 245
502 235 501 235
501 235 500 235
500 235 499 235
499 235 498 235
498 245 498 244
498 244 498 243
498 243 498 242
498 242 498 241
498 241 498 240
498 240 498 239
498 239 498 238
498 238 498 237
498 237 498 236
498 236 498 235
506 225 505 225
505 225 504 225
504 225 503 225
503 225 502 225
502 225 501 225
501 225 500 225
500 225 499 225
499 225 498 225
498 225 497 225
497 225 496 225
496 225 495 225
495 225 494 225
498 235 497 235
497 235 496 235
496 235 495 235
495 235 494 235
494 235 494 234
494 234 494 233
494 233 494 232
494 232 494 231
494 231 494 230
494 230 494 229
494 229 494 228
494 228 494 227
494 227 494 226
494 226 494 225
494 225 493 225
493 225 492 225
492 225 491 225
491 225 490 225
490 225 490 224
490 224 490 223
490 223 490 222
490 222 490 221
490 221 490 220
490 220 490 219
490 219 490 218
490 218 490 217
490 217 490 216
490 216 490 215
490 215 491 215
491 215 492 215
492 215 492 214
492 214 492 213
492 213 492 212
492 212 492 211
492 211 492 210
492 210 492 209
492 209 492 208
492 208 492 207
492 207 492 206
492 206 492 205
492 205 493 205
493 205 493 204
493 204 493 203
493 203 493 202
493 202 493 201
493 201 493 200
493 200 493 199
493 199 493 198
493 198 493 197
493 197 493 196
493 196 493 195
503 185 502 185
502 185 501 185
501 185 500 185
500 185 499 185
499 185 498 185
498 185 497 185
493 195 494 195
494 195 495 195
495 195 496 195
496 195 497 195
497 195 497 194
497 194 497 193
497 193 497 192
497 192 497 191
497 191 497 190
497 190 497 189
497 189 497 188
497 188 497 187
497 187 497 186
497 186 497 185
503 175 502 175
502 175 501 175
501 175 500 175
500 175 499 175
499 175 498 175
498 175 497 175
497 185 497 184
497 184 497 183
497 183 497 182
497 182 497 181
497 181 497 180
497 180 497 179
497 179 497 178
497 178 497 177
497 177 497 176
497 176 497 175
504 165 503 165
503 165 502 165
502 165 501 165
501 165 500 165
500 165 499 165
499 165 498 165
498 165 497 165
497 165 496 165
497 175 496 175
496 175 496 174
496 174 496 173
496 173 496 172
496 172 496 171
496 171 496 170
496 170 496 169
496 169 496 168
496 168 496 167
496 167 496 166
496 166 496 165
496 165 495 165
495 165 494 165
494 165 493 165
493 165 493 164
493 164 493 163
493 163 493 162
493 162 493 161
493 161 493 160
493 160 493 159
493 159 493 158
493 158 493 157
493 157 493 156
493 156 493 155
503 145 502 145
502 145 501 145
501 145 500 145
500 145 499 145
499 145 498 145
498 145 497 145
493 155 494 155
494 155 495 155
495 155 496 155
496 155 497 155
497 155 497 154
497 154 497 153
497 153 497 152
497 152 497 151
497 151 497 150
497 150 497 149
497 149 497 148
497 148 497 147
497 147 497 146
497 146 497 145
505 135 504 135
504 135 503 135
503 135 502 135
502 135 501 135
501 135 500 135
500 135 499 135
499 135 498 135
498 135 497 135
497 135 496 135
496 135 495 135
497 145 496 145
496 145 495 145
495 145 495 144
495 144 495 143
495 143 495 142
495 142 495 141
495 141 495 140
495 140 495 139
495 139 495 138
495 138 495 137
495 137 495 136
495 136 495 135
495 135 494 135
494 135 493 135
493 135 493 134
493 134 493 133
493 133 493 132
493 132 493 131
493 131 493 130
493 130 493 129
493 129 493 128
493 128 493 127
493 127 493 126
493 126 493 125
504 115 503 115
503 115 502 115
502 115 501 115
501 115 500 115
500 115 499 115
499 115 498 115
498 115 497 115
497 115 496 115
493 125 494 125
494 125 495 125
495 125 496 125
496 125 496 124
496 124 496 123
496 123 496 122
496 122 496 121
496 121 496 120
496 120 496 119
496 119 496 118
496 118 496 117
496 117 496 116
496 116 496 115
506 105 505 105
505 105 504 105
504 105 503 105
503 105 502 105
502 105 501 105
501 105 500 105
500 105 499 105
499 105 498 105
498 105 497 105
497 105 496 105
496 105 495 105
495 105 494 105
496 115 495 115
495 115 494 115
494 115 494 114
494 114 494 113
494 113 494 112
494 112 494 111
494 111 494 110
494 110 494 109
494 109 494 108
494 108 494 107
494 107 494 106
494 106 494 105
502 95 501 95
501 95 500 95
500 95 499 95
499 95 498 95
494 105 495 105
495 105 496 105
496 105 497 105
497 105 498 105
498 105 498 104
498 104 498 103
498 103 498 102
498 102 498 101
498 101 498 100
498 100 498 99
498 99 498 98
498 98 498 97
498 97 498 96
498 96 498 95
503 85 502 85
502 85 501 85
501 85 500 85
500 85 499 85
499 85 498 85
498 85 497 85
498 95 497 95
497 95 497 94
497 94 497 93
497 93 497 92
497 92 497 91
497 91 497 90
497 90 497 89
497 89 497 88
497 88 497 87
497 87 497 86
497 86 497 85
497 85 496 85
496 85 495 85
495 85 494 85
494 85 494 84
494 84 494 83
494 83 494 82
494 82 494 81
494 81 494 80
494 80 494 79
494 79 494 78
494 78 494 77
494 77 494 76
494 76 494 75
494 75 493 75
493 75 492 75
492 75 492 74
492 74 492 73
492 73 492 72
492 72 492 71
492 71 492 70
492 70 492 69
492 69 492 68
492 68 492 67
492 67 492 66
492 66 492 65
492 65 493 65
493 65 493 64
493 64 493 63
493 63 493 62
493 62 493 61
493 61 493 60
493 60 493 59
493 59 493 58
493 58 493 57
493 57 493 56
493 56 493 55
493 55 494 55
494 55 494 54
494 54 494 53
494 53 494 52
494 52 494 51
494 51 494 50
494 50 494 49
494 49 494 48
494 48 494 47
494 47 494 46
494 46 494 45
494 45 494 44
494 44 494 43
494 43 494 42
494 42 494 41
494 41 494 40
494 40 494 39
494 39 494 38
494 38 494 37
494 37 494 36
494 36 494 35
505 25 504 25
504 25 503 25
503 25 502 25
502 25 501 25
501 25 500 25
500 25 499 25
499 25 498 25
498 25 497 25
497 25 496 25
496 25 495 25
494 35 495 35
495 35 495 34
495 34 495 33
495 33 495 32
495 32 495 31
495 31 495 30
495 30 495 29
495 29 495 28
495 28 495 27
495 27 495 26
495 26 495 25
495 25 494 25
494 25 493 25
493 25 492 25
492 25 491 25
491 25 491 24
491 24 491 23
491 23 491 22
491 22 491 21
491 21 491 20
491 20 491 19
491 19 491 18
491 18 491 17
491 17 491 16
491 16 491 15
